<?xml version="1.0" encoding="UTF-8"?>
<testng-results skipped="0" failed="6" total="62" passed="56">
  <reporter-output>
  </reporter-output>
  <suite name="com.YouMagicPro.LKA_tests" duration-ms="4180511" started-at="2012-11-13T11:05:37Z" finished-at="2012-11-13T12:15:18Z">
    <groups>
    </groups>
    <test name="com.YouMagicPro.LKA_tests" duration-ms="4180511" started-at="2012-11-13T11:05:37Z" finished-at="2012-11-13T12:15:18Z">
      <class name="com.YouMagicPro.LKA_tests.ExpenseStructureChooseIntNumbersPageTest">
        <test-method status="PASS" signature="startWebDriver()[pri:0, instance:com.YouMagicPro.LKA_tests.ExpenseStructureChooseIntNumbersPageTest@100a384]" name="startWebDriver" is-config="true" duration-ms="659" started-at="2012-11-13T16:09:23Z" finished-at="2012-11-13T16:09:23Z">
          <reporter-output>
          </reporter-output>
        </test-method> <!-- startWebDriver -->
        <test-method status="PASS" signature="expenseStructureChooseIntNumbersPageTest_C15102()[pri:0, instance:com.YouMagicPro.LKA_tests.ExpenseStructureChooseIntNumbersPageTest@100a384]" name="expenseStructureChooseIntNumbersPageTest_C15102" duration-ms="16959" started-at="2012-11-13T16:09:23Z" finished-at="2012-11-13T16:09:40Z">
          <reporter-output>
          </reporter-output>
        </test-method> <!-- expenseStructureChooseIntNumbersPageTest_C15102 -->
        <test-method status="PASS" signature="closeSession()[pri:0, instance:com.YouMagicPro.LKA_tests.ExpenseStructureChooseIntNumbersPageTest@100a384]" name="closeSession" is-config="true" duration-ms="1" started-at="2012-11-13T16:09:40Z" finished-at="2012-11-13T16:09:40Z">
          <reporter-output>
          </reporter-output>
        </test-method> <!-- closeSession -->
      </class> <!-- com.YouMagicPro.LKA_tests.ExpenseStructureChooseIntNumbersPageTest -->
      <class name="com.YouMagicPro.LKA_tests.BuyingAdditionalNumberChooseNumberCategories">
        <test-method status="PASS" signature="startWebDriver()[pri:0, instance:com.YouMagicPro.LKA_tests.BuyingAdditionalNumberChooseNumberCategories@5e9423f7]" name="startWebDriver" is-config="true" duration-ms="1164" started-at="2012-11-13T15:10:11Z" finished-at="2012-11-13T15:10:13Z">
          <reporter-output>
          </reporter-output>
        </test-method> <!-- startWebDriver -->
        <test-method status="PASS" signature="BuyingAdditionalNumberChooseNumberCategories_C15105()[pri:0, instance:com.YouMagicPro.LKA_tests.BuyingAdditionalNumberChooseNumberCategories@5e9423f7]" name="BuyingAdditionalNumberChooseNumberCategories_C15105" duration-ms="38623" started-at="2012-11-13T15:10:13Z" finished-at="2012-11-13T15:10:51Z">
          <reporter-output>
          </reporter-output>
        </test-method> <!-- BuyingAdditionalNumberChooseNumberCategories_C15105 -->
        <test-method status="PASS" signature="closeSession()[pri:0, instance:com.YouMagicPro.LKA_tests.BuyingAdditionalNumberChooseNumberCategories@5e9423f7]" name="closeSession" is-config="true" duration-ms="2" started-at="2012-11-13T15:10:51Z" finished-at="2012-11-13T15:10:51Z">
          <reporter-output>
          </reporter-output>
        </test-method> <!-- closeSession -->
      </class> <!-- com.YouMagicPro.LKA_tests.BuyingAdditionalNumberChooseNumberCategories -->
      <class name="com.YouMagicPro.LKA_tests.ContractOgrnSymbolsTest">
        <test-method status="PASS" signature="startWebDriver()[pri:0, instance:com.YouMagicPro.LKA_tests.ContractOgrnSymbolsTest@48dd7c33]" name="startWebDriver" is-config="true" duration-ms="1179" started-at="2012-11-13T16:08:26Z" finished-at="2012-11-13T16:08:27Z">
          <reporter-output>
          </reporter-output>
        </test-method> <!-- startWebDriver -->
        <test-method status="PASS" signature="contractFillBankAccountTest()[pri:0, instance:com.YouMagicPro.LKA_tests.ContractOgrnSymbolsTest@48dd7c33]" name="contractFillBankAccountTest" duration-ms="22597" started-at="2012-11-13T16:08:27Z" finished-at="2012-11-13T16:08:50Z">
          <reporter-output>
          </reporter-output>
        </test-method> <!-- contractFillBankAccountTest -->
        <test-method status="PASS" signature="closeSession()[pri:0, instance:com.YouMagicPro.LKA_tests.ContractOgrnSymbolsTest@48dd7c33]" name="closeSession" is-config="true" duration-ms="3" started-at="2012-11-13T16:08:50Z" finished-at="2012-11-13T16:08:50Z">
          <reporter-output>
          </reporter-output>
        </test-method> <!-- closeSession -->
      </class> <!-- com.YouMagicPro.LKA_tests.ContractOgrnSymbolsTest -->
      <class name="com.YouMagicPro.LKA_tests.ContractKppOneNumberInTextFieldTest">
        <test-method status="PASS" signature="startWebDriver()[pri:0, instance:com.YouMagicPro.LKA_tests.ContractKppOneNumberInTextFieldTest@55a330c3]" name="startWebDriver" is-config="true" duration-ms="1174" started-at="2012-11-13T16:06:05Z" finished-at="2012-11-13T16:06:06Z">
          <reporter-output>
          </reporter-output>
        </test-method> <!-- startWebDriver -->
        <test-method status="PASS" signature="contractKppTest_C15048()[pri:0, instance:com.YouMagicPro.LKA_tests.ContractKppOneNumberInTextFieldTest@55a330c3]" name="contractKppTest_C15048" duration-ms="24492" started-at="2012-11-13T16:06:06Z" finished-at="2012-11-13T16:06:31Z">
          <reporter-output>
          </reporter-output>
        </test-method> <!-- contractKppTest_C15048 -->
        <test-method status="PASS" signature="closeSession()[pri:0, instance:com.YouMagicPro.LKA_tests.ContractKppOneNumberInTextFieldTest@55a330c3]" name="closeSession" is-config="true" duration-ms="2" started-at="2012-11-13T16:06:31Z" finished-at="2012-11-13T16:06:31Z">
          <reporter-output>
          </reporter-output>
        </test-method> <!-- closeSession -->
      </class> <!-- com.YouMagicPro.LKA_tests.ContractKppOneNumberInTextFieldTest -->
      <class name="com.YouMagicPro.LKA_tests.ContractCorAccountLettersAndNumbersTextFieldTest">
        <test-method status="PASS" signature="startWebDriver()[pri:0, instance:com.YouMagicPro.LKA_tests.ContractCorAccountLettersAndNumbersTextFieldTest@7831a0d1]" name="startWebDriver" is-config="true" duration-ms="1216" started-at="2012-11-13T15:21:43Z" finished-at="2012-11-13T15:21:44Z">
          <reporter-output>
          </reporter-output>
        </test-method> <!-- startWebDriver -->
        <test-method status="PASS" signature="contractCorAccountTenInTextFieldTest_C15000()[pri:0, instance:com.YouMagicPro.LKA_tests.ContractCorAccountLettersAndNumbersTextFieldTest@7831a0d1]" name="contractCorAccountTenInTextFieldTest_C15000" duration-ms="530565" started-at="2012-11-13T15:21:44Z" finished-at="2012-11-13T15:30:35Z">
          <reporter-output>
          </reporter-output>
        </test-method> <!-- contractCorAccountTenInTextFieldTest_C15000 -->
        <test-method status="PASS" signature="closeSession()[pri:0, instance:com.YouMagicPro.LKA_tests.ContractCorAccountLettersAndNumbersTextFieldTest@7831a0d1]" name="closeSession" is-config="true" duration-ms="1" started-at="2012-11-13T15:30:35Z" finished-at="2012-11-13T15:30:35Z">
          <reporter-output>
          </reporter-output>
        </test-method> <!-- closeSession -->
      </class> <!-- com.YouMagicPro.LKA_tests.ContractCorAccountLettersAndNumbersTextFieldTest -->
      <class name="com.YouMagicPro.LKA_tests.ContractBankAccountLettersAndNumbersTest">
        <test-method status="PASS" signature="startWebDriver()[pri:0, instance:com.YouMagicPro.LKA_tests.ContractBankAccountLettersAndNumbersTest@6b6622e6]" name="startWebDriver" is-config="true" duration-ms="1186" started-at="2012-11-13T15:11:13Z" finished-at="2012-11-13T15:11:14Z">
          <reporter-output>
          </reporter-output>
        </test-method> <!-- startWebDriver -->
        <test-method status="PASS" signature="contractBankAccountLettersAndNumbersTest_C14496()[pri:0, instance:com.YouMagicPro.LKA_tests.ContractBankAccountLettersAndNumbersTest@6b6622e6]" name="contractBankAccountLettersAndNumbersTest_C14496" duration-ms="93709" started-at="2012-11-13T15:11:14Z" finished-at="2012-11-13T15:12:48Z">
          <reporter-output>
          </reporter-output>
        </test-method> <!-- contractBankAccountLettersAndNumbersTest_C14496 -->
        <test-method status="PASS" signature="closeSession()[pri:0, instance:com.YouMagicPro.LKA_tests.ContractBankAccountLettersAndNumbersTest@6b6622e6]" name="closeSession" is-config="true" duration-ms="2" started-at="2012-11-13T15:12:48Z" finished-at="2012-11-13T15:12:48Z">
          <reporter-output>
          </reporter-output>
        </test-method> <!-- closeSession -->
      </class> <!-- com.YouMagicPro.LKA_tests.ContractBankAccountLettersAndNumbersTest -->
      <class name="com.YouMagicPro.LKA_tests.ContractInnChooseFormTest">
        <test-method status="PASS" signature="startWebDriver()[pri:0, instance:com.YouMagicPro.LKA_tests.ContractInnChooseFormTest@2c96d430]" name="startWebDriver" is-config="true" duration-ms="1192" started-at="2012-11-13T15:43:00Z" finished-at="2012-11-13T15:43:01Z">
          <reporter-output>
          </reporter-output>
        </test-method> <!-- startWebDriver -->
        <test-method status="PASS" signature="contractInnChooseForm_C15047()[pri:0, instance:com.YouMagicPro.LKA_tests.ContractInnChooseFormTest@2c96d430]" name="contractInnChooseForm_C15047" duration-ms="203506" started-at="2012-11-13T15:43:01Z" finished-at="2012-11-13T15:46:25Z">
          <reporter-output>
          </reporter-output>
        </test-method> <!-- contractInnChooseForm_C15047 -->
        <test-method status="PASS" signature="closeSession()[pri:0, instance:com.YouMagicPro.LKA_tests.ContractInnChooseFormTest@2c96d430]" name="closeSession" is-config="true" duration-ms="3" started-at="2012-11-13T15:46:25Z" finished-at="2012-11-13T15:46:25Z">
          <reporter-output>
          </reporter-output>
        </test-method> <!-- closeSession -->
      </class> <!-- com.YouMagicPro.LKA_tests.ContractInnChooseFormTest -->
      <class name="com.YouMagicPro.LKA_tests.ContractCheckDocumentTest">
        <test-method status="PASS" signature="startWebDriver()[pri:0, instance:com.YouMagicPro.LKA_tests.ContractCheckDocumentTest@634a988]" name="startWebDriver" is-config="true" duration-ms="1205" started-at="2012-11-13T15:19:15Z" finished-at="2012-11-13T15:19:16Z">
          <reporter-output>
          </reporter-output>
        </test-method> <!-- startWebDriver -->
        <test-method status="PASS" signature="contractCheckDocumentTest_C14986()[pri:0, instance:com.YouMagicPro.LKA_tests.ContractCheckDocumentTest@634a988]" name="contractCheckDocumentTest_C14986" duration-ms="18742" started-at="2012-11-13T15:19:16Z" finished-at="2012-11-13T15:19:34Z">
          <reporter-output>
          </reporter-output>
        </test-method> <!-- contractCheckDocumentTest_C14986 -->
        <test-method status="PASS" signature="closeSession()[pri:0, instance:com.YouMagicPro.LKA_tests.ContractCheckDocumentTest@634a988]" name="closeSession" is-config="true" duration-ms="1" started-at="2012-11-13T15:19:34Z" finished-at="2012-11-13T15:19:34Z">
          <reporter-output>
          </reporter-output>
        </test-method> <!-- closeSession -->
      </class> <!-- com.YouMagicPro.LKA_tests.ContractCheckDocumentTest -->
      <class name="com.YouMagicPro.LKA_tests.ContractKpp6NumbersInTextFieldTest">
        <test-method status="PASS" signature="startWebDriver()[pri:0, instance:com.YouMagicPro.LKA_tests.ContractKpp6NumbersInTextFieldTest@1d9a43d7]" name="startWebDriver" is-config="true" duration-ms="1167" started-at="2012-11-13T16:04:48Z" finished-at="2012-11-13T16:04:49Z">
          <reporter-output>
          </reporter-output>
        </test-method> <!-- startWebDriver -->
        <test-method status="PASS" signature="contractKppTest_C15049()[pri:0, instance:com.YouMagicPro.LKA_tests.ContractKpp6NumbersInTextFieldTest@1d9a43d7]" name="contractKppTest_C15049" duration-ms="29627" started-at="2012-11-13T16:04:49Z" finished-at="2012-11-13T16:05:19Z">
          <reporter-output>
          </reporter-output>
        </test-method> <!-- contractKppTest_C15049 -->
        <test-method status="PASS" signature="closeSession()[pri:0, instance:com.YouMagicPro.LKA_tests.ContractKpp6NumbersInTextFieldTest@1d9a43d7]" name="closeSession" is-config="true" duration-ms="2" started-at="2012-11-13T16:05:19Z" finished-at="2012-11-13T16:05:19Z">
          <reporter-output>
          </reporter-output>
        </test-method> <!-- closeSession -->
      </class> <!-- com.YouMagicPro.LKA_tests.ContractKpp6NumbersInTextFieldTest -->
      <class name="com.YouMagicPro.LKA_tests.OrderDeliveryOfContractCancelButtonTest">
        <test-method status="PASS" signature="startWebDriver()[pri:0, instance:com.YouMagicPro.LKA_tests.OrderDeliveryOfContractCancelButtonTest@52dd1d62]" name="startWebDriver" is-config="true" duration-ms="1592" started-at="2012-11-13T16:13:16Z" finished-at="2012-11-13T16:13:18Z">
          <reporter-output>
          </reporter-output>
        </test-method> <!-- startWebDriver -->
        <test-method status="PASS" signature="expenseStructureTest()[pri:0, instance:com.YouMagicPro.LKA_tests.OrderDeliveryOfContractCancelButtonTest@52dd1d62]" name="expenseStructureTest" duration-ms="16437" started-at="2012-11-13T16:13:18Z" finished-at="2012-11-13T16:13:34Z">
          <reporter-output>
          </reporter-output>
        </test-method> <!-- expenseStructureTest -->
        <test-method status="PASS" signature="closeSession()[pri:0, instance:com.YouMagicPro.LKA_tests.OrderDeliveryOfContractCancelButtonTest@52dd1d62]" name="closeSession" is-config="true" duration-ms="2" started-at="2012-11-13T16:13:34Z" finished-at="2012-11-13T16:13:34Z">
          <reporter-output>
          </reporter-output>
        </test-method> <!-- closeSession -->
      </class> <!-- com.YouMagicPro.LKA_tests.OrderDeliveryOfContractCancelButtonTest -->
      <class name="com.YouMagicPro.LKA_tests.ExpenseStructureInternalNumbersFeeTest">
        <test-method status="PASS" signature="startWebDriver()[pri:0, instance:com.YouMagicPro.LKA_tests.ExpenseStructureInternalNumbersFeeTest@6244b22e]" name="startWebDriver" is-config="true" duration-ms="1167" started-at="2012-11-13T16:09:40Z" finished-at="2012-11-13T16:09:41Z">
          <reporter-output>
          </reporter-output>
        </test-method> <!-- startWebDriver -->
        <test-method status="PASS" signature="expenseStructureInternalNumbersFeeTest_C15101()[pri:0, instance:com.YouMagicPro.LKA_tests.ExpenseStructureInternalNumbersFeeTest@6244b22e]" name="expenseStructureInternalNumbersFeeTest_C15101" duration-ms="8965" started-at="2012-11-13T16:09:41Z" finished-at="2012-11-13T16:09:50Z">
          <reporter-output>
          </reporter-output>
        </test-method> <!-- expenseStructureInternalNumbersFeeTest_C15101 -->
        <test-method status="PASS" signature="closeSession()[pri:0, instance:com.YouMagicPro.LKA_tests.ExpenseStructureInternalNumbersFeeTest@6244b22e]" name="closeSession" is-config="true" duration-ms="1" started-at="2012-11-13T16:09:50Z" finished-at="2012-11-13T16:09:50Z">
          <reporter-output>
          </reporter-output>
        </test-method> <!-- closeSession -->
      </class> <!-- com.YouMagicPro.LKA_tests.ExpenseStructureInternalNumbersFeeTest -->
      <class name="com.YouMagicPro.LKA_tests.BuyingAdditionalInternalNumberCheckCost">
        <test-method status="PASS" signature="startWebDriver()[pri:0, instance:com.YouMagicPro.LKA_tests.BuyingAdditionalInternalNumberCheckCost@7038ce7b]" name="startWebDriver" is-config="true" duration-ms="721" started-at="2012-11-13T15:07:38Z" finished-at="2012-11-13T15:07:39Z">
          <reporter-output>
          </reporter-output>
        </test-method> <!-- startWebDriver -->
        <test-method status="PASS" signature="buyingAdditionalInternalNumberCheckCost_C15113()[pri:0, instance:com.YouMagicPro.LKA_tests.BuyingAdditionalInternalNumberCheckCost@7038ce7b]" name="buyingAdditionalInternalNumberCheckCost_C15113" duration-ms="65251" started-at="2012-11-13T15:07:39Z" finished-at="2012-11-13T15:08:44Z">
          <reporter-output>
          </reporter-output>
        </test-method> <!-- buyingAdditionalInternalNumberCheckCost_C15113 -->
        <test-method status="PASS" signature="closeSession()[pri:0, instance:com.YouMagicPro.LKA_tests.BuyingAdditionalInternalNumberCheckCost@7038ce7b]" name="closeSession" is-config="true" duration-ms="3" started-at="2012-11-13T15:08:44Z" finished-at="2012-11-13T15:08:44Z">
          <reporter-output>
          </reporter-output>
        </test-method> <!-- closeSession -->
      </class> <!-- com.YouMagicPro.LKA_tests.BuyingAdditionalInternalNumberCheckCost -->
      <class name="com.YouMagicPro.LKA_tests.ContractFillInDataTest">
        <test-method status="PASS" signature="startWebDriver()[pri:0, instance:com.YouMagicPro.LKA_tests.ContractFillInDataTest@5dd72c40]" name="startWebDriver" is-config="true" duration-ms="1189" started-at="2012-11-13T15:41:02Z" finished-at="2012-11-13T15:41:03Z">
          <reporter-output>
          </reporter-output>
        </test-method> <!-- startWebDriver -->
        <test-method status="PASS" signature="fillInContractDataTest()[pri:0, instance:com.YouMagicPro.LKA_tests.ContractFillInDataTest@5dd72c40]" name="fillInContractDataTest" duration-ms="79665" started-at="2012-11-13T15:41:03Z" finished-at="2012-11-13T15:42:22Z">
          <reporter-output>
          </reporter-output>
        </test-method> <!-- fillInContractDataTest -->
        <test-method status="PASS" signature="closeSession()[pri:0, instance:com.YouMagicPro.LKA_tests.ContractFillInDataTest@5dd72c40]" name="closeSession" is-config="true" duration-ms="2" started-at="2012-11-13T15:42:22Z" finished-at="2012-11-13T15:42:22Z">
          <reporter-output>
          </reporter-output>
        </test-method> <!-- closeSession -->
      </class> <!-- com.YouMagicPro.LKA_tests.ContractFillInDataTest -->
      <class name="com.YouMagicPro.LKA_tests.ContractOgrnLettersAndNumbersInTextFieldTest">
        <test-method status="PASS" signature="startWebDriver()[pri:0, instance:com.YouMagicPro.LKA_tests.ContractOgrnLettersAndNumbersInTextFieldTest@4415d52e]" name="startWebDriver" is-config="true" duration-ms="2052" started-at="2012-11-13T16:07:17Z" finished-at="2012-11-13T16:07:19Z">
          <reporter-output>
          </reporter-output>
        </test-method> <!-- startWebDriver -->
        <test-method status="PASS" signature="contractOgrnLettersAndNumbersInTextFieldTest_C15057()[pri:0, instance:com.YouMagicPro.LKA_tests.ContractOgrnLettersAndNumbersInTextFieldTest@4415d52e]" name="contractOgrnLettersAndNumbersInTextFieldTest_C15057" duration-ms="22506" started-at="2012-11-13T16:07:19Z" finished-at="2012-11-13T16:07:42Z">
          <reporter-output>
          </reporter-output>
        </test-method> <!-- contractOgrnLettersAndNumbersInTextFieldTest_C15057 -->
        <test-method status="PASS" signature="closeSession()[pri:0, instance:com.YouMagicPro.LKA_tests.ContractOgrnLettersAndNumbersInTextFieldTest@4415d52e]" name="closeSession" is-config="true" duration-ms="2" started-at="2012-11-13T16:07:42Z" finished-at="2012-11-13T16:07:42Z">
          <reporter-output>
          </reporter-output>
        </test-method> <!-- closeSession -->
      </class> <!-- com.YouMagicPro.LKA_tests.ContractOgrnLettersAndNumbersInTextFieldTest -->
      <class name="com.YouMagicPro.LKA_tests.BuyingAdditionalNumberChooseCityFromList">
        <test-method status="PASS" signature="startWebDriver()[pri:0, instance:com.YouMagicPro.LKA_tests.BuyingAdditionalNumberChooseCityFromList@726722a6]" name="startWebDriver" is-config="true" duration-ms="1165" started-at="2012-11-13T15:09:39Z" finished-at="2012-11-13T15:09:40Z">
          <reporter-output>
          </reporter-output>
        </test-method> <!-- startWebDriver -->
        <test-method status="PASS" signature="buyingAdditionalNumberChooseCityFromList_C15103()[pri:0, instance:com.YouMagicPro.LKA_tests.BuyingAdditionalNumberChooseCityFromList@726722a6]" name="buyingAdditionalNumberChooseCityFromList_C15103" duration-ms="31317" started-at="2012-11-13T15:09:40Z" finished-at="2012-11-13T15:10:11Z">
          <reporter-output>
          </reporter-output>
        </test-method> <!-- buyingAdditionalNumberChooseCityFromList_C15103 -->
        <test-method status="PASS" signature="closeSession()[pri:0, instance:com.YouMagicPro.LKA_tests.BuyingAdditionalNumberChooseCityFromList@726722a6]" name="closeSession" is-config="true" duration-ms="2" started-at="2012-11-13T15:10:11Z" finished-at="2012-11-13T15:10:11Z">
          <reporter-output>
          </reporter-output>
        </test-method> <!-- closeSession -->
      </class> <!-- com.YouMagicPro.LKA_tests.BuyingAdditionalNumberChooseCityFromList -->
      <class name="com.YouMagicPro.LKA_tests.ContractBik1inTextFieldTest">
        <test-method status="PASS" signature="startWebDriver()[pri:0, instance:com.YouMagicPro.LKA_tests.ContractBik1inTextFieldTest@fb95de0]" name="startWebDriver" is-config="true" duration-ms="1161" started-at="2012-11-13T15:17:43Z" finished-at="2012-11-13T15:17:44Z">
          <reporter-output>
          </reporter-output>
        </test-method> <!-- startWebDriver -->
        <test-method status="PASS" signature="contractBikTest1inTextField_C15022()[pri:0, instance:com.YouMagicPro.LKA_tests.ContractBik1inTextFieldTest@fb95de0]" name="contractBikTest1inTextField_C15022" duration-ms="24148" started-at="2012-11-13T15:17:44Z" finished-at="2012-11-13T15:18:08Z">
          <reporter-output>
          </reporter-output>
        </test-method> <!-- contractBikTest1inTextField_C15022 -->
        <test-method status="PASS" signature="closeSession()[pri:0, instance:com.YouMagicPro.LKA_tests.ContractBik1inTextFieldTest@fb95de0]" name="closeSession" is-config="true" duration-ms="3" started-at="2012-11-13T15:18:08Z" finished-at="2012-11-13T15:18:08Z">
          <reporter-output>
          </reporter-output>
        </test-method> <!-- closeSession -->
      </class> <!-- com.YouMagicPro.LKA_tests.ContractBik1inTextFieldTest -->
      <class name="com.YouMagicPro.LKA_tests.ContractBankAccountLettersInTextFieldTest">
        <test-method status="PASS" signature="startWebDriver()[pri:0, instance:com.YouMagicPro.LKA_tests.ContractBankAccountLettersInTextFieldTest@45051da4]" name="startWebDriver" is-config="true" duration-ms="1198" started-at="2012-11-13T15:12:48Z" finished-at="2012-11-13T15:12:49Z">
          <reporter-output>
          </reporter-output>
        </test-method> <!-- startWebDriver -->
        <test-method status="PASS" signature="contractBankAccountLettersInTextFieldTest_C14995()[pri:0, instance:com.YouMagicPro.LKA_tests.ContractBankAccountLettersInTextFieldTest@45051da4]" name="contractBankAccountLettersInTextFieldTest_C14995" duration-ms="100160" started-at="2012-11-13T15:12:49Z" finished-at="2012-11-13T15:14:29Z">
          <reporter-output>
          </reporter-output>
        </test-method> <!-- contractBankAccountLettersInTextFieldTest_C14995 -->
        <test-method status="PASS" signature="closeSession()[pri:0, instance:com.YouMagicPro.LKA_tests.ContractBankAccountLettersInTextFieldTest@45051da4]" name="closeSession" is-config="true" duration-ms="3" started-at="2012-11-13T15:14:29Z" finished-at="2012-11-13T15:14:29Z">
          <reporter-output>
          </reporter-output>
        </test-method> <!-- closeSession -->
      </class> <!-- com.YouMagicPro.LKA_tests.ContractBankAccountLettersInTextFieldTest -->
      <class name="com.YouMagicPro.LKA_tests.OrderToAdressChangePhoneTest">
        <test-method status="PASS" signature="startWebDriver()[pri:0, instance:com.YouMagicPro.LKA_tests.OrderToAdressChangePhoneTest@2842cace]" name="startWebDriver" is-config="true" duration-ms="1157" started-at="2012-11-13T16:14:36Z" finished-at="2012-11-13T16:14:37Z">
          <reporter-output>
          </reporter-output>
        </test-method> <!-- startWebDriver -->
        <test-method status="PASS" signature="orderToAdressChangePhoneTest_C25677()[pri:0, instance:com.YouMagicPro.LKA_tests.OrderToAdressChangePhoneTest@2842cace]" name="orderToAdressChangePhoneTest_C25677" duration-ms="17091" started-at="2012-11-13T16:14:37Z" finished-at="2012-11-13T16:14:54Z">
          <reporter-output>
          </reporter-output>
        </test-method> <!-- orderToAdressChangePhoneTest_C25677 -->
        <test-method status="PASS" signature="closeSession()[pri:0, instance:com.YouMagicPro.LKA_tests.OrderToAdressChangePhoneTest@2842cace]" name="closeSession" is-config="true" duration-ms="2" started-at="2012-11-13T16:14:54Z" finished-at="2012-11-13T16:14:54Z">
          <reporter-output>
          </reporter-output>
        </test-method> <!-- closeSession -->
      </class> <!-- com.YouMagicPro.LKA_tests.OrderToAdressChangePhoneTest -->
      <class name="com.YouMagicPro.LKA_tests.OrderDeliveryOfContractDropdownListTest">
        <test-method status="PASS" signature="startWebDriver()[pri:0, instance:com.YouMagicPro.LKA_tests.OrderDeliveryOfContractDropdownListTest@7adbe76f]" name="startWebDriver" is-config="true" duration-ms="1537" started-at="2012-11-13T16:13:34Z" finished-at="2012-11-13T16:13:36Z">
          <reporter-output>
          </reporter-output>
        </test-method> <!-- startWebDriver -->
        <test-method status="PASS" signature="expenseStructureTest()[pri:0, instance:com.YouMagicPro.LKA_tests.OrderDeliveryOfContractDropdownListTest@7adbe76f]" name="expenseStructureTest" duration-ms="19730" started-at="2012-11-13T16:13:36Z" finished-at="2012-11-13T16:13:56Z">
          <reporter-output>
          </reporter-output>
        </test-method> <!-- expenseStructureTest -->
        <test-method status="PASS" signature="closeSession()[pri:0, instance:com.YouMagicPro.LKA_tests.OrderDeliveryOfContractDropdownListTest@7adbe76f]" name="closeSession" is-config="true" duration-ms="1" started-at="2012-11-13T16:13:56Z" finished-at="2012-11-13T16:13:56Z">
          <reporter-output>
          </reporter-output>
        </test-method> <!-- closeSession -->
      </class> <!-- com.YouMagicPro.LKA_tests.OrderDeliveryOfContractDropdownListTest -->
      <class name="com.YouMagicPro.LKA_tests.GroupsThreeInNumberTest">
        <test-method status="PASS" signature="startWebDriver()[pri:0, instance:com.YouMagicPro.LKA_tests.GroupsThreeInNumberTest@4cd67e21]" name="startWebDriver" is-config="true" duration-ms="702" started-at="2012-11-13T16:10:16Z" finished-at="2012-11-13T16:10:16Z">
          <reporter-output>
          </reporter-output>
        </test-method> <!-- startWebDriver -->
        <test-method status="FAIL" signature="groupsThreeInNumberTest_C15189()[pri:0, instance:com.YouMagicPro.LKA_tests.GroupsThreeInNumberTest@4cd67e21]" name="groupsThreeInNumberTest_C15189" duration-ms="9031" started-at="2012-11-13T16:10:16Z" finished-at="2012-11-13T16:10:26Z">
          <exception class="org.openqa.selenium.WebDriverException">
            <message>
              <![CDATA[Element is not clickable at point (555, 381). Other element would receive the click: <img id="1" class="slideimage" src="/sites/all/modules/contrib/umagicpro_instructions/images/home.png" data-title="Благодарим вас за выбор YouMagic.Pro!"> (WARNING: The server did not provide any stacktrace information)
Command duration or timeout: 30 milliseconds
Build info: version: '2.26.0', revision: '18040', time: '2012-11-02 09:44:45'
System info: os.name: 'Windows 7', os.arch: 'amd64', os.version: '6.1', java.version: '1.7.0_05'
Driver info: driver.version: RemoteWebDriver
Session ID: 5773a3f3b8f3eb48ee45d9f6f4314d5a]]>
            </message>
            <full-stacktrace>
              <![CDATA[org.openqa.selenium.WebDriverException: Element is not clickable at point (555, 381). Other element would receive the click: <img id="1" class="slideimage" src="/sites/all/modules/contrib/umagicpro_instructions/images/home.png" data-title="Благодарим вас за выбор YouMagic.Pro!"> (WARNING: The server did not provide any stacktrace information)
Command duration or timeout: 30 milliseconds
Build info: version: '2.26.0', revision: '18040', time: '2012-11-02 09:44:45'
System info: os.name: 'Windows 7', os.arch: 'amd64', os.version: '6.1', java.version: '1.7.0_05'
Driver info: driver.version: RemoteWebDriver
Session ID: 5773a3f3b8f3eb48ee45d9f6f4314d5a
	at sun.reflect.NativeConstructorAccessorImpl.newInstance0(Native Method)
	at sun.reflect.NativeConstructorAccessorImpl.newInstance(NativeConstructorAccessorImpl.java:57)
	at sun.reflect.DelegatingConstructorAccessorImpl.newInstance(DelegatingConstructorAccessorImpl.java:45)
	at java.lang.reflect.Constructor.newInstance(Constructor.java:525)
	at org.openqa.selenium.remote.ErrorHandler.createThrowable(ErrorHandler.java:188)
	at org.openqa.selenium.remote.ErrorHandler.throwIfResponseFailed(ErrorHandler.java:145)
	at org.openqa.selenium.remote.RemoteWebDriver.execute(RemoteWebDriver.java:531)
	at org.openqa.selenium.remote.RemoteWebElement.execute(RemoteWebElement.java:246)
	at org.openqa.selenium.remote.RemoteWebElement.click(RemoteWebElement.java:79)
	at com.YouMagicPro.LKA_tests.TestBase.waitAdminPageToLoad(TestBase.java:111)
	at com.YouMagicPro.LKA_tests.GroupsThreeInNumberTest.groupsThreeInNumberTest_C15189(GroupsThreeInNumberTest.java:11)
	at sun.reflect.NativeMethodAccessorImpl.invoke0(Native Method)
	at sun.reflect.NativeMethodAccessorImpl.invoke(NativeMethodAccessorImpl.java:57)
	at sun.reflect.DelegatingMethodAccessorImpl.invoke(DelegatingMethodAccessorImpl.java:43)
	at java.lang.reflect.Method.invoke(Method.java:601)
	at org.testng.internal.MethodInvocationHelper.invokeMethod(MethodInvocationHelper.java:80)
	at org.testng.internal.Invoker.invokeMethod(Invoker.java:714)
	at org.testng.internal.Invoker.invokeTestMethod(Invoker.java:901)
	at org.testng.internal.Invoker.invokeTestMethods(Invoker.java:1231)
	at org.testng.internal.TestMethodWorker.invokeTestMethods(TestMethodWorker.java:127)
	at org.testng.internal.TestMethodWorker.run(TestMethodWorker.java:111)
	at org.testng.TestRunner.privateRun(TestRunner.java:767)
	at org.testng.TestRunner.run(TestRunner.java:617)
	at org.testng.SuiteRunner.runTest(SuiteRunner.java:334)
	at org.testng.SuiteRunner.runSequentially(SuiteRunner.java:329)
	at org.testng.SuiteRunner.privateRun(SuiteRunner.java:291)
	at org.testng.SuiteRunner.run(SuiteRunner.java:240)
	at org.testng.SuiteRunnerWorker.runSuite(SuiteRunnerWorker.java:52)
	at org.testng.SuiteRunnerWorker.run(SuiteRunnerWorker.java:86)
	at org.testng.TestNG.runSuitesSequentially(TestNG.java:1198)
	at org.testng.TestNG.runSuitesLocally(TestNG.java:1123)
	at org.testng.TestNG.run(TestNG.java:1031)
	at org.apache.maven.surefire.testng.TestNGExecutor.run(TestNGExecutor.java:122)
	at org.apache.maven.surefire.testng.TestNGXmlTestSuite.execute(TestNGXmlTestSuite.java:88)
	at org.apache.maven.surefire.testng.TestNGProvider.invoke(TestNGProvider.java:104)
	at sun.reflect.NativeMethodAccessorImpl.invoke0(Native Method)
	at sun.reflect.NativeMethodAccessorImpl.invoke(NativeMethodAccessorImpl.java:57)
	at sun.reflect.DelegatingMethodAccessorImpl.invoke(DelegatingMethodAccessorImpl.java:43)
	at java.lang.reflect.Method.invoke(Method.java:601)
	at org.apache.maven.surefire.booter.ProviderFactory$ClassLoaderProxy.invoke(ProviderFactory.java:103)
	at $Proxy0.invoke(Unknown Source)
	at org.apache.maven.surefire.booter.SurefireStarter.invokeProvider(SurefireStarter.java:150)
	at org.apache.maven.surefire.booter.SurefireStarter.runSuitesInProcess(SurefireStarter.java:91)
	at org.apache.maven.surefire.booter.ForkedBooter.main(ForkedBooter.java:69)
]]>
            </full-stacktrace>
          </exception> <!-- org.openqa.selenium.WebDriverException -->
          <reporter-output>
          </reporter-output>
        </test-method> <!-- groupsThreeInNumberTest_C15189 -->
        <test-method status="PASS" signature="closeSession()[pri:0, instance:com.YouMagicPro.LKA_tests.GroupsThreeInNumberTest@4cd67e21]" name="closeSession" is-config="true" duration-ms="1" started-at="2012-11-13T16:10:26Z" finished-at="2012-11-13T16:10:26Z">
          <reporter-output>
          </reporter-output>
        </test-method> <!-- closeSession -->
      </class> <!-- com.YouMagicPro.LKA_tests.GroupsThreeInNumberTest -->
      <class name="com.YouMagicPro.LKA_tests.ContractCorAccountLettersInTextFieldTest">
        <test-method status="PASS" signature="startWebDriver()[pri:0, instance:com.YouMagicPro.LKA_tests.ContractCorAccountLettersInTextFieldTest@6a6203a5]" name="startWebDriver" is-config="true" duration-ms="1523" started-at="2012-11-13T15:30:35Z" finished-at="2012-11-13T15:30:37Z">
          <reporter-output>
          </reporter-output>
        </test-method> <!-- startWebDriver -->
        <test-method status="FAIL" signature="contractCorAccountLettersInTextFieldTest_C15001()[pri:0, instance:com.YouMagicPro.LKA_tests.ContractCorAccountLettersInTextFieldTest@6a6203a5]" name="contractCorAccountLettersInTextFieldTest_C15001" duration-ms="399340" started-at="2012-11-13T15:30:37Z" finished-at="2012-11-13T15:37:16Z">
          <exception class="org.openqa.selenium.WebDriverException">
            <message>
              <![CDATA[Element is not clickable at point (868.5, 44). Other element would receive the click: <div class="sl_head">...</div> (WARNING: The server did not provide any stacktrace information)
Command duration or timeout: 79 milliseconds
Build info: version: '2.26.0', revision: '18040', time: '2012-11-02 09:44:45'
System info: os.name: 'Windows 7', os.arch: 'amd64', os.version: '6.1', java.version: '1.7.0_05'
Driver info: driver.version: RemoteWebDriver
Session ID: 6dd90c403e997a1b72541fefc6729aeb]]>
            </message>
            <full-stacktrace>
              <![CDATA[org.openqa.selenium.WebDriverException: Element is not clickable at point (868.5, 44). Other element would receive the click: <div class="sl_head">...</div> (WARNING: The server did not provide any stacktrace information)
Command duration or timeout: 79 milliseconds
Build info: version: '2.26.0', revision: '18040', time: '2012-11-02 09:44:45'
System info: os.name: 'Windows 7', os.arch: 'amd64', os.version: '6.1', java.version: '1.7.0_05'
Driver info: driver.version: RemoteWebDriver
Session ID: 6dd90c403e997a1b72541fefc6729aeb
	at sun.reflect.NativeConstructorAccessorImpl.newInstance0(Native Method)
	at sun.reflect.NativeConstructorAccessorImpl.newInstance(NativeConstructorAccessorImpl.java:57)
	at sun.reflect.DelegatingConstructorAccessorImpl.newInstance(DelegatingConstructorAccessorImpl.java:45)
	at java.lang.reflect.Constructor.newInstance(Constructor.java:525)
	at org.openqa.selenium.remote.ErrorHandler.createThrowable(ErrorHandler.java:188)
	at org.openqa.selenium.remote.ErrorHandler.throwIfResponseFailed(ErrorHandler.java:145)
	at org.openqa.selenium.remote.RemoteWebDriver.execute(RemoteWebDriver.java:531)
	at org.openqa.selenium.remote.RemoteWebElement.execute(RemoteWebElement.java:246)
	at org.openqa.selenium.remote.RemoteWebElement.click(RemoteWebElement.java:79)
	at com.YouMagicPro.LKA_tests.TestBase.waitContractPageToLoad(TestBase.java:137)
	at com.YouMagicPro.LKA_tests.ContractCorAccountLettersInTextFieldTest.contractCorAccountLettersInTextFieldTest_C15001(ContractCorAccountLettersInTextFieldTest.java:8)
	at sun.reflect.NativeMethodAccessorImpl.invoke0(Native Method)
	at sun.reflect.NativeMethodAccessorImpl.invoke(NativeMethodAccessorImpl.java:57)
	at sun.reflect.DelegatingMethodAccessorImpl.invoke(DelegatingMethodAccessorImpl.java:43)
	at java.lang.reflect.Method.invoke(Method.java:601)
	at org.testng.internal.MethodInvocationHelper.invokeMethod(MethodInvocationHelper.java:80)
	at org.testng.internal.Invoker.invokeMethod(Invoker.java:714)
	at org.testng.internal.Invoker.invokeTestMethod(Invoker.java:901)
	at org.testng.internal.Invoker.invokeTestMethods(Invoker.java:1231)
	at org.testng.internal.TestMethodWorker.invokeTestMethods(TestMethodWorker.java:127)
	at org.testng.internal.TestMethodWorker.run(TestMethodWorker.java:111)
	at org.testng.TestRunner.privateRun(TestRunner.java:767)
	at org.testng.TestRunner.run(TestRunner.java:617)
	at org.testng.SuiteRunner.runTest(SuiteRunner.java:334)
	at org.testng.SuiteRunner.runSequentially(SuiteRunner.java:329)
	at org.testng.SuiteRunner.privateRun(SuiteRunner.java:291)
	at org.testng.SuiteRunner.run(SuiteRunner.java:240)
	at org.testng.SuiteRunnerWorker.runSuite(SuiteRunnerWorker.java:52)
	at org.testng.SuiteRunnerWorker.run(SuiteRunnerWorker.java:86)
	at org.testng.TestNG.runSuitesSequentially(TestNG.java:1198)
	at org.testng.TestNG.runSuitesLocally(TestNG.java:1123)
	at org.testng.TestNG.run(TestNG.java:1031)
	at org.apache.maven.surefire.testng.TestNGExecutor.run(TestNGExecutor.java:122)
	at org.apache.maven.surefire.testng.TestNGXmlTestSuite.execute(TestNGXmlTestSuite.java:88)
	at org.apache.maven.surefire.testng.TestNGProvider.invoke(TestNGProvider.java:104)
	at sun.reflect.NativeMethodAccessorImpl.invoke0(Native Method)
	at sun.reflect.NativeMethodAccessorImpl.invoke(NativeMethodAccessorImpl.java:57)
	at sun.reflect.DelegatingMethodAccessorImpl.invoke(DelegatingMethodAccessorImpl.java:43)
	at java.lang.reflect.Method.invoke(Method.java:601)
	at org.apache.maven.surefire.booter.ProviderFactory$ClassLoaderProxy.invoke(ProviderFactory.java:103)
	at $Proxy0.invoke(Unknown Source)
	at org.apache.maven.surefire.booter.SurefireStarter.invokeProvider(SurefireStarter.java:150)
	at org.apache.maven.surefire.booter.SurefireStarter.runSuitesInProcess(SurefireStarter.java:91)
	at org.apache.maven.surefire.booter.ForkedBooter.main(ForkedBooter.java:69)
]]>
            </full-stacktrace>
          </exception> <!-- org.openqa.selenium.WebDriverException -->
          <reporter-output>
          </reporter-output>
        </test-method> <!-- contractCorAccountLettersInTextFieldTest_C15001 -->
        <test-method status="PASS" signature="closeSession()[pri:0, instance:com.YouMagicPro.LKA_tests.ContractCorAccountLettersInTextFieldTest@6a6203a5]" name="closeSession" is-config="true" duration-ms="2" started-at="2012-11-13T15:37:16Z" finished-at="2012-11-13T15:37:16Z">
          <reporter-output>
          </reporter-output>
        </test-method> <!-- closeSession -->
      </class> <!-- com.YouMagicPro.LKA_tests.ContractCorAccountLettersInTextFieldTest -->
      <class name="com.YouMagicPro.LKA_tests.ContractBikSymbolsInTextFieldTest">
        <test-method status="PASS" signature="startWebDriver()[pri:0, instance:com.YouMagicPro.LKA_tests.ContractBikSymbolsInTextFieldTest@3910af08]" name="startWebDriver" is-config="true" duration-ms="1171" started-at="2012-11-13T15:18:52Z" finished-at="2012-11-13T15:18:53Z">
          <reporter-output>
          </reporter-output>
        </test-method> <!-- startWebDriver -->
        <test-method status="PASS" signature="contractBikSymbolsInTextFieldTest_C15026()[pri:0, instance:com.YouMagicPro.LKA_tests.ContractBikSymbolsInTextFieldTest@3910af08]" name="contractBikSymbolsInTextFieldTest_C15026" duration-ms="21217" started-at="2012-11-13T15:18:53Z" finished-at="2012-11-13T15:19:15Z">
          <reporter-output>
          </reporter-output>
        </test-method> <!-- contractBikSymbolsInTextFieldTest_C15026 -->
        <test-method status="PASS" signature="closeSession()[pri:0, instance:com.YouMagicPro.LKA_tests.ContractBikSymbolsInTextFieldTest@3910af08]" name="closeSession" is-config="true" duration-ms="2" started-at="2012-11-13T15:19:15Z" finished-at="2012-11-13T15:19:15Z">
          <reporter-output>
          </reporter-output>
        </test-method> <!-- closeSession -->
      </class> <!-- com.YouMagicPro.LKA_tests.ContractBikSymbolsInTextFieldTest -->
      <class name="com.YouMagicPro.LKA_tests.ContractBankAccountTenInTextFieldTest">
        <test-method status="PASS" signature="startWebDriver()[pri:0, instance:com.YouMagicPro.LKA_tests.ContractBankAccountTenInTextFieldTest@5f9dc8dd]" name="startWebDriver" is-config="true" duration-ms="1167" started-at="2012-11-13T15:17:02Z" finished-at="2012-11-13T15:17:03Z">
          <reporter-output>
          </reporter-output>
        </test-method> <!-- startWebDriver -->
        <test-method status="PASS" signature="contractBankAccountTenInTextFieldTest_C14994()[pri:0, instance:com.YouMagicPro.LKA_tests.ContractBankAccountTenInTextFieldTest@5f9dc8dd]" name="contractBankAccountTenInTextFieldTest_C14994" duration-ms="39862" started-at="2012-11-13T15:17:03Z" finished-at="2012-11-13T15:17:43Z">
          <reporter-output>
          </reporter-output>
        </test-method> <!-- contractBankAccountTenInTextFieldTest_C14994 -->
        <test-method status="PASS" signature="closeSession()[pri:0, instance:com.YouMagicPro.LKA_tests.ContractBankAccountTenInTextFieldTest@5f9dc8dd]" name="closeSession" is-config="true" duration-ms="2" started-at="2012-11-13T15:17:43Z" finished-at="2012-11-13T15:17:43Z">
          <reporter-output>
          </reporter-output>
        </test-method> <!-- closeSession -->
      </class> <!-- com.YouMagicPro.LKA_tests.ContractBankAccountTenInTextFieldTest -->
      <class name="com.YouMagicPro.LKA_tests.ContractOgrnOneNumberInTextFieldTest">
        <test-method status="PASS" signature="startWebDriver()[pri:0, instance:com.YouMagicPro.LKA_tests.ContractOgrnOneNumberInTextFieldTest@57799932]" name="startWebDriver" is-config="true" duration-ms="666" started-at="2012-11-13T16:08:04Z" finished-at="2012-11-13T16:08:05Z">
          <reporter-output>
          </reporter-output>
        </test-method> <!-- startWebDriver -->
        <test-method status="PASS" signature="contractOgrnOneNumberInTextFieldTest_C15053()[pri:0, instance:com.YouMagicPro.LKA_tests.ContractOgrnOneNumberInTextFieldTest@57799932]" name="contractOgrnOneNumberInTextFieldTest_C15053" duration-ms="21488" started-at="2012-11-13T16:08:05Z" finished-at="2012-11-13T16:08:26Z">
          <reporter-output>
          </reporter-output>
        </test-method> <!-- contractOgrnOneNumberInTextFieldTest_C15053 -->
        <test-method status="PASS" signature="closeSession()[pri:0, instance:com.YouMagicPro.LKA_tests.ContractOgrnOneNumberInTextFieldTest@57799932]" name="closeSession" is-config="true" duration-ms="2" started-at="2012-11-13T16:08:26Z" finished-at="2012-11-13T16:08:26Z">
          <reporter-output>
          </reporter-output>
        </test-method> <!-- closeSession -->
      </class> <!-- com.YouMagicPro.LKA_tests.ContractOgrnOneNumberInTextFieldTest -->
      <class name="com.YouMagicPro.LKA_tests.ContractBikLettersInTextFieldTest">
        <test-method status="PASS" signature="startWebDriver()[pri:0, instance:com.YouMagicPro.LKA_tests.ContractBikLettersInTextFieldTest@4fc55da3]" name="startWebDriver" is-config="true" duration-ms="1163" started-at="2012-11-13T15:18:30Z" finished-at="2012-11-13T15:18:31Z">
          <reporter-output>
          </reporter-output>
        </test-method> <!-- startWebDriver -->
        <test-method status="PASS" signature="contractBikTestLettersInTextField_C15023()[pri:0, instance:com.YouMagicPro.LKA_tests.ContractBikLettersInTextFieldTest@4fc55da3]" name="contractBikTestLettersInTextField_C15023" duration-ms="20677" started-at="2012-11-13T15:18:31Z" finished-at="2012-11-13T15:18:52Z">
          <reporter-output>
          </reporter-output>
        </test-method> <!-- contractBikTestLettersInTextField_C15023 -->
        <test-method status="PASS" signature="closeSession()[pri:0, instance:com.YouMagicPro.LKA_tests.ContractBikLettersInTextFieldTest@4fc55da3]" name="closeSession" is-config="true" duration-ms="1" started-at="2012-11-13T15:18:52Z" finished-at="2012-11-13T15:18:52Z">
          <reporter-output>
          </reporter-output>
        </test-method> <!-- closeSession -->
      </class> <!-- com.YouMagicPro.LKA_tests.ContractBikLettersInTextFieldTest -->
      <class name="com.YouMagicPro.LKA_tests.ContractKppLettersTest">
        <test-method status="PASS" signature="startWebDriver()[pri:0, instance:com.YouMagicPro.LKA_tests.ContractKppLettersTest@c0e1c69]" name="startWebDriver" is-config="true" duration-ms="1598" started-at="2012-11-13T16:05:42Z" finished-at="2012-11-13T16:05:44Z">
          <reporter-output>
          </reporter-output>
        </test-method> <!-- startWebDriver -->
        <test-method status="PASS" signature="contractKppTest_C15050()[pri:0, instance:com.YouMagicPro.LKA_tests.ContractKppLettersTest@c0e1c69]" name="contractKppTest_C15050" duration-ms="21326" started-at="2012-11-13T16:05:44Z" finished-at="2012-11-13T16:06:05Z">
          <reporter-output>
          </reporter-output>
        </test-method> <!-- contractKppTest_C15050 -->
        <test-method status="PASS" signature="closeSession()[pri:0, instance:com.YouMagicPro.LKA_tests.ContractKppLettersTest@c0e1c69]" name="closeSession" is-config="true" duration-ms="1" started-at="2012-11-13T16:06:05Z" finished-at="2012-11-13T16:06:05Z">
          <reporter-output>
          </reporter-output>
        </test-method> <!-- closeSession -->
      </class> <!-- com.YouMagicPro.LKA_tests.ContractKppLettersTest -->
      <class name="com.YouMagicPro.LKA_tests.GroupsOneInNumberTest">
        <test-method status="PASS" signature="startWebDriver()[pri:0, instance:com.YouMagicPro.LKA_tests.GroupsOneInNumberTest@6be05ef2]" name="startWebDriver" is-config="true" duration-ms="1154" started-at="2012-11-13T16:10:00Z" finished-at="2012-11-13T16:10:01Z">
          <reporter-output>
          </reporter-output>
        </test-method> <!-- startWebDriver -->
        <test-method status="FAIL" signature="groupsTest()[pri:0, instance:com.YouMagicPro.LKA_tests.GroupsOneInNumberTest@6be05ef2]" name="groupsTest" duration-ms="14811" started-at="2012-11-13T16:10:01Z" finished-at="2012-11-13T16:10:16Z">
          <exception class="org.openqa.selenium.WebDriverException">
            <message>
              <![CDATA[Element is not clickable at point (118.5, 428). Other element would receive the click: <img id="1" class="slideimage" src="/sites/all/modules/contrib/umagicpro_instructions/images/home.png" data-title="Благодарим вас за выбор YouMagic.Pro!"> (WARNING: The server did not provide any stacktrace information)
Command duration or timeout: 29 milliseconds
Build info: version: '2.26.0', revision: '18040', time: '2012-11-02 09:44:45'
System info: os.name: 'Windows 7', os.arch: 'amd64', os.version: '6.1', java.version: '1.7.0_05'
Driver info: driver.version: RemoteWebDriver
Session ID: 460f878ee1baea9663f9ca6cf8170f91]]>
            </message>
            <full-stacktrace>
              <![CDATA[org.openqa.selenium.WebDriverException: Element is not clickable at point (118.5, 428). Other element would receive the click: <img id="1" class="slideimage" src="/sites/all/modules/contrib/umagicpro_instructions/images/home.png" data-title="Благодарим вас за выбор YouMagic.Pro!"> (WARNING: The server did not provide any stacktrace information)
Command duration or timeout: 29 milliseconds
Build info: version: '2.26.0', revision: '18040', time: '2012-11-02 09:44:45'
System info: os.name: 'Windows 7', os.arch: 'amd64', os.version: '6.1', java.version: '1.7.0_05'
Driver info: driver.version: RemoteWebDriver
Session ID: 460f878ee1baea9663f9ca6cf8170f91
	at sun.reflect.NativeConstructorAccessorImpl.newInstance0(Native Method)
	at sun.reflect.NativeConstructorAccessorImpl.newInstance(NativeConstructorAccessorImpl.java:57)
	at sun.reflect.DelegatingConstructorAccessorImpl.newInstance(DelegatingConstructorAccessorImpl.java:45)
	at java.lang.reflect.Constructor.newInstance(Constructor.java:525)
	at org.openqa.selenium.remote.ErrorHandler.createThrowable(ErrorHandler.java:188)
	at org.openqa.selenium.remote.ErrorHandler.throwIfResponseFailed(ErrorHandler.java:145)
	at org.openqa.selenium.remote.RemoteWebDriver.execute(RemoteWebDriver.java:531)
	at org.openqa.selenium.remote.RemoteWebElement.execute(RemoteWebElement.java:246)
	at org.openqa.selenium.remote.RemoteWebElement.click(RemoteWebElement.java:79)
	at com.YouMagicPro.LKA_tests.GroupsOneInNumberTest.groupsTest(GroupsOneInNumberTest.java:16)
	at sun.reflect.NativeMethodAccessorImpl.invoke0(Native Method)
	at sun.reflect.NativeMethodAccessorImpl.invoke(NativeMethodAccessorImpl.java:57)
	at sun.reflect.DelegatingMethodAccessorImpl.invoke(DelegatingMethodAccessorImpl.java:43)
	at java.lang.reflect.Method.invoke(Method.java:601)
	at org.testng.internal.MethodInvocationHelper.invokeMethod(MethodInvocationHelper.java:80)
	at org.testng.internal.Invoker.invokeMethod(Invoker.java:714)
	at org.testng.internal.Invoker.invokeTestMethod(Invoker.java:901)
	at org.testng.internal.Invoker.invokeTestMethods(Invoker.java:1231)
	at org.testng.internal.TestMethodWorker.invokeTestMethods(TestMethodWorker.java:127)
	at org.testng.internal.TestMethodWorker.run(TestMethodWorker.java:111)
	at org.testng.TestRunner.privateRun(TestRunner.java:767)
	at org.testng.TestRunner.run(TestRunner.java:617)
	at org.testng.SuiteRunner.runTest(SuiteRunner.java:334)
	at org.testng.SuiteRunner.runSequentially(SuiteRunner.java:329)
	at org.testng.SuiteRunner.privateRun(SuiteRunner.java:291)
	at org.testng.SuiteRunner.run(SuiteRunner.java:240)
	at org.testng.SuiteRunnerWorker.runSuite(SuiteRunnerWorker.java:52)
	at org.testng.SuiteRunnerWorker.run(SuiteRunnerWorker.java:86)
	at org.testng.TestNG.runSuitesSequentially(TestNG.java:1198)
	at org.testng.TestNG.runSuitesLocally(TestNG.java:1123)
	at org.testng.TestNG.run(TestNG.java:1031)
	at org.apache.maven.surefire.testng.TestNGExecutor.run(TestNGExecutor.java:122)
	at org.apache.maven.surefire.testng.TestNGXmlTestSuite.execute(TestNGXmlTestSuite.java:88)
	at org.apache.maven.surefire.testng.TestNGProvider.invoke(TestNGProvider.java:104)
	at sun.reflect.NativeMethodAccessorImpl.invoke0(Native Method)
	at sun.reflect.NativeMethodAccessorImpl.invoke(NativeMethodAccessorImpl.java:57)
	at sun.reflect.DelegatingMethodAccessorImpl.invoke(DelegatingMethodAccessorImpl.java:43)
	at java.lang.reflect.Method.invoke(Method.java:601)
	at org.apache.maven.surefire.booter.ProviderFactory$ClassLoaderProxy.invoke(ProviderFactory.java:103)
	at $Proxy0.invoke(Unknown Source)
	at org.apache.maven.surefire.booter.SurefireStarter.invokeProvider(SurefireStarter.java:150)
	at org.apache.maven.surefire.booter.SurefireStarter.runSuitesInProcess(SurefireStarter.java:91)
	at org.apache.maven.surefire.booter.ForkedBooter.main(ForkedBooter.java:69)
]]>
            </full-stacktrace>
          </exception> <!-- org.openqa.selenium.WebDriverException -->
          <reporter-output>
          </reporter-output>
        </test-method> <!-- groupsTest -->
        <test-method status="PASS" signature="closeSession()[pri:0, instance:com.YouMagicPro.LKA_tests.GroupsOneInNumberTest@6be05ef2]" name="closeSession" is-config="true" duration-ms="1" started-at="2012-11-13T16:10:16Z" finished-at="2012-11-13T16:10:16Z">
          <reporter-output>
          </reporter-output>
        </test-method> <!-- closeSession -->
      </class> <!-- com.YouMagicPro.LKA_tests.GroupsOneInNumberTest -->
      <class name="com.YouMagicPro.LKA_tests.BuyingAdditionalInternalNumberTextFieldTest">
        <test-method status="PASS" signature="startWebDriver()[pri:0, instance:com.YouMagicPro.LKA_tests.BuyingAdditionalInternalNumberTextFieldTest@216f1cbc]" name="startWebDriver" is-config="true" duration-ms="664" started-at="2012-11-13T15:08:44Z" finished-at="2012-11-13T15:08:45Z">
          <reporter-output>
          </reporter-output>
        </test-method> <!-- startWebDriver -->
        <test-method status="PASS" signature="buyingAdditionalInternalNumberTextFieldTest_C15112()[pri:0, instance:com.YouMagicPro.LKA_tests.BuyingAdditionalInternalNumberTextFieldTest@216f1cbc]" name="buyingAdditionalInternalNumberTextFieldTest_C15112" duration-ms="53894" started-at="2012-11-13T15:08:45Z" finished-at="2012-11-13T15:09:39Z">
          <reporter-output>
          </reporter-output>
        </test-method> <!-- buyingAdditionalInternalNumberTextFieldTest_C15112 -->
        <test-method status="PASS" signature="closeSession()[pri:0, instance:com.YouMagicPro.LKA_tests.BuyingAdditionalInternalNumberTextFieldTest@216f1cbc]" name="closeSession" is-config="true" duration-ms="2" started-at="2012-11-13T15:09:39Z" finished-at="2012-11-13T15:09:39Z">
          <reporter-output>
          </reporter-output>
        </test-method> <!-- closeSession -->
      </class> <!-- com.YouMagicPro.LKA_tests.BuyingAdditionalInternalNumberTextFieldTest -->
      <class name="com.YouMagicPro.LKA_tests.ContractBankAccountOneInTextFieldTest">
        <test-method status="PASS" signature="startWebDriver()[pri:0, instance:com.YouMagicPro.LKA_tests.ContractBankAccountOneInTextFieldTest@69c2ff33]" name="startWebDriver" is-config="true" duration-ms="1401" started-at="2012-11-13T15:14:29Z" finished-at="2012-11-13T15:14:31Z">
          <reporter-output>
          </reporter-output>
        </test-method> <!-- startWebDriver -->
        <test-method status="PASS" signature="contractBankAccountOneInTextFieldTest_C14993()[pri:0, instance:com.YouMagicPro.LKA_tests.ContractBankAccountOneInTextFieldTest@69c2ff33]" name="contractBankAccountOneInTextFieldTest_C14993" duration-ms="94820" started-at="2012-11-13T15:14:31Z" finished-at="2012-11-13T15:16:05Z">
          <reporter-output>
          </reporter-output>
        </test-method> <!-- contractBankAccountOneInTextFieldTest_C14993 -->
        <test-method status="PASS" signature="closeSession()[pri:0, instance:com.YouMagicPro.LKA_tests.ContractBankAccountOneInTextFieldTest@69c2ff33]" name="closeSession" is-config="true" duration-ms="3" started-at="2012-11-13T15:16:05Z" finished-at="2012-11-13T15:16:05Z">
          <reporter-output>
          </reporter-output>
        </test-method> <!-- closeSession -->
      </class> <!-- com.YouMagicPro.LKA_tests.ContractBankAccountOneInTextFieldTest -->
      <class name="com.YouMagicPro.LKA_tests.OrderByEmailOrderWithoutDocTypeCheckedTest">
        <test-method status="PASS" signature="startWebDriver()[pri:0, instance:com.YouMagicPro.LKA_tests.OrderByEmailOrderWithoutDocTypeCheckedTest@1c6cdb70]" name="startWebDriver" is-config="true" duration-ms="1452" started-at="2012-11-13T16:11:32Z" finished-at="2012-11-13T16:11:33Z">
          <reporter-output>
          </reporter-output>
        </test-method> <!-- startWebDriver -->
        <test-method status="PASS" signature="orderByEmailOrderWithoutDocTypeCheckedTest_C25656()[pri:0, instance:com.YouMagicPro.LKA_tests.OrderByEmailOrderWithoutDocTypeCheckedTest@1c6cdb70]" name="orderByEmailOrderWithoutDocTypeCheckedTest_C25656" duration-ms="19060" started-at="2012-11-13T16:11:33Z" finished-at="2012-11-13T16:11:52Z">
          <reporter-output>
          </reporter-output>
        </test-method> <!-- orderByEmailOrderWithoutDocTypeCheckedTest_C25656 -->
        <test-method status="PASS" signature="closeSession()[pri:0, instance:com.YouMagicPro.LKA_tests.OrderByEmailOrderWithoutDocTypeCheckedTest@1c6cdb70]" name="closeSession" is-config="true" duration-ms="1" started-at="2012-11-13T16:11:52Z" finished-at="2012-11-13T16:11:52Z">
          <reporter-output>
          </reporter-output>
        </test-method> <!-- closeSession -->
      </class> <!-- com.YouMagicPro.LKA_tests.OrderByEmailOrderWithoutDocTypeCheckedTest -->
      <class name="com.YouMagicPro.LKA_tests.ContractBikLettersAndNumbersInTextFieldTest">
        <test-method status="PASS" signature="startWebDriver()[pri:0, instance:com.YouMagicPro.LKA_tests.ContractBikLettersAndNumbersInTextFieldTest@47f35aaa]" name="startWebDriver" is-config="true" duration-ms="1166" started-at="2012-11-13T15:18:08Z" finished-at="2012-11-13T15:18:10Z">
          <reporter-output>
          </reporter-output>
        </test-method> <!-- startWebDriver -->
        <test-method status="PASS" signature="contractBikTest_C15025()[pri:0, instance:com.YouMagicPro.LKA_tests.ContractBikLettersAndNumbersInTextFieldTest@47f35aaa]" name="contractBikTest_C15025" duration-ms="20654" started-at="2012-11-13T15:18:10Z" finished-at="2012-11-13T15:18:30Z">
          <reporter-output>
          </reporter-output>
        </test-method> <!-- contractBikTest_C15025 -->
        <test-method status="PASS" signature="closeSession()[pri:0, instance:com.YouMagicPro.LKA_tests.ContractBikLettersAndNumbersInTextFieldTest@47f35aaa]" name="closeSession" is-config="true" duration-ms="2" started-at="2012-11-13T15:18:30Z" finished-at="2012-11-13T15:18:30Z">
          <reporter-output>
          </reporter-output>
        </test-method> <!-- closeSession -->
      </class> <!-- com.YouMagicPro.LKA_tests.ContractBikLettersAndNumbersInTextFieldTest -->
      <class name="com.YouMagicPro.LKA_tests.ContractKppSymbolsTest">
        <test-method status="PASS" signature="startWebDriver()[pri:0, instance:com.YouMagicPro.LKA_tests.ContractKppSymbolsTest@5113faf7]" name="startWebDriver" is-config="true" duration-ms="1186" started-at="2012-11-13T16:06:31Z" finished-at="2012-11-13T16:06:32Z">
          <reporter-output>
          </reporter-output>
        </test-method> <!-- startWebDriver -->
        <test-method status="PASS" signature="contractKppTest_C15051()[pri:0, instance:com.YouMagicPro.LKA_tests.ContractKppSymbolsTest@5113faf7]" name="contractKppTest_C15051" duration-ms="21147" started-at="2012-11-13T16:06:32Z" finished-at="2012-11-13T16:06:53Z">
          <reporter-output>
          </reporter-output>
        </test-method> <!-- contractKppTest_C15051 -->
        <test-method status="PASS" signature="closeSession()[pri:0, instance:com.YouMagicPro.LKA_tests.ContractKppSymbolsTest@5113faf7]" name="closeSession" is-config="true" duration-ms="2" started-at="2012-11-13T16:06:53Z" finished-at="2012-11-13T16:06:53Z">
          <reporter-output>
          </reporter-output>
        </test-method> <!-- closeSession -->
      </class> <!-- com.YouMagicPro.LKA_tests.ContractKppSymbolsTest -->
      <class name="com.YouMagicPro.LKA_tests.OrderToAdressNoTextFieldFilledTest">
        <test-method status="PASS" signature="startWebDriver()[pri:0, instance:com.YouMagicPro.LKA_tests.OrderToAdressNoTextFieldFilledTest@5235b55c]" name="startWebDriver" is-config="true" duration-ms="1193" started-at="2012-11-13T16:14:54Z" finished-at="2012-11-13T16:14:55Z">
          <reporter-output>
          </reporter-output>
        </test-method> <!-- startWebDriver -->
        <test-method status="PASS" signature="OrderToAdressNoTextFieldFilledTest_C25679()[pri:0, instance:com.YouMagicPro.LKA_tests.OrderToAdressNoTextFieldFilledTest@5235b55c]" name="OrderToAdressNoTextFieldFilledTest_C25679" duration-ms="22616" started-at="2012-11-13T16:14:55Z" finished-at="2012-11-13T16:15:18Z">
          <reporter-output>
          </reporter-output>
        </test-method> <!-- OrderToAdressNoTextFieldFilledTest_C25679 -->
        <test-method status="PASS" signature="closeSession()[pri:0, instance:com.YouMagicPro.LKA_tests.OrderToAdressNoTextFieldFilledTest@5235b55c]" name="closeSession" is-config="true" duration-ms="2" started-at="2012-11-13T16:15:18Z" finished-at="2012-11-13T16:15:18Z">
          <reporter-output>
          </reporter-output>
        </test-method> <!-- closeSession -->
      </class> <!-- com.YouMagicPro.LKA_tests.OrderToAdressNoTextFieldFilledTest -->
      <class name="com.YouMagicPro.LKA_tests.OrderToAdressCancelButtonClickTest">
        <test-method status="PASS" signature="startWebDriver()[pri:0, instance:com.YouMagicPro.LKA_tests.OrderToAdressCancelButtonClickTest@755ee1ed]" name="startWebDriver" is-config="true" duration-ms="1757" started-at="2012-11-13T16:13:56Z" finished-at="2012-11-13T16:13:58Z">
          <reporter-output>
          </reporter-output>
        </test-method> <!-- startWebDriver -->
        <test-method status="PASS" signature="orderToAdressCancelButtonClickTest_C25675()[pri:0, instance:com.YouMagicPro.LKA_tests.OrderToAdressCancelButtonClickTest@755ee1ed]" name="orderToAdressCancelButtonClickTest_C25675" duration-ms="19272" started-at="2012-11-13T16:13:58Z" finished-at="2012-11-13T16:14:17Z">
          <reporter-output>
          </reporter-output>
        </test-method> <!-- orderToAdressCancelButtonClickTest_C25675 -->
        <test-method status="PASS" signature="closeSession()[pri:0, instance:com.YouMagicPro.LKA_tests.OrderToAdressCancelButtonClickTest@755ee1ed]" name="closeSession" is-config="true" duration-ms="3" started-at="2012-11-13T16:14:17Z" finished-at="2012-11-13T16:14:17Z">
          <reporter-output>
          </reporter-output>
        </test-method> <!-- closeSession -->
      </class> <!-- com.YouMagicPro.LKA_tests.OrderToAdressCancelButtonClickTest -->
      <class name="com.YouMagicPro.LKA_tests.DiscSpaceTest">
        <test-method status="PASS" signature="startWebDriver()[pri:0, instance:com.YouMagicPro.LKA_tests.DiscSpaceTest@52c22530]" name="startWebDriver" is-config="true" duration-ms="1587" started-at="2012-11-13T16:08:50Z" finished-at="2012-11-13T16:08:51Z">
          <reporter-output>
          </reporter-output>
        </test-method> <!-- startWebDriver -->
        <test-method status="PASS" signature="expenseStructureTest()[pri:0, instance:com.YouMagicPro.LKA_tests.DiscSpaceTest@52c22530]" name="expenseStructureTest" duration-ms="9317" started-at="2012-11-13T16:08:51Z" finished-at="2012-11-13T16:09:01Z">
          <reporter-output>
          </reporter-output>
        </test-method> <!-- expenseStructureTest -->
        <test-method status="PASS" signature="closeSession()[pri:0, instance:com.YouMagicPro.LKA_tests.DiscSpaceTest@52c22530]" name="closeSession" is-config="true" duration-ms="1" started-at="2012-11-13T16:09:01Z" finished-at="2012-11-13T16:09:01Z">
          <reporter-output>
          </reporter-output>
        </test-method> <!-- closeSession -->
      </class> <!-- com.YouMagicPro.LKA_tests.DiscSpaceTest -->
      <class name="com.YouMagicPro.LKA_tests.Buying804NumberCostOfNumberTest">
        <test-method status="PASS" signature="startWebDriver()[pri:0, instance:com.YouMagicPro.LKA_tests.Buying804NumberCostOfNumberTest@15f2cff0]" name="startWebDriver" is-config="true" duration-ms="1188" started-at="2012-11-13T15:06:44Z" finished-at="2012-11-13T15:06:45Z">
          <reporter-output>
          </reporter-output>
        </test-method> <!-- startWebDriver -->
        <test-method status="PASS" signature="buying804NumberCostOfNumberTest_C25623()[pri:0, instance:com.YouMagicPro.LKA_tests.Buying804NumberCostOfNumberTest@15f2cff0]" name="buying804NumberCostOfNumberTest_C25623" duration-ms="53592" started-at="2012-11-13T15:06:45Z" finished-at="2012-11-13T15:07:38Z">
          <reporter-output>
          </reporter-output>
        </test-method> <!-- buying804NumberCostOfNumberTest_C25623 -->
        <test-method status="PASS" signature="closeSession()[pri:0, instance:com.YouMagicPro.LKA_tests.Buying804NumberCostOfNumberTest@15f2cff0]" name="closeSession" is-config="true" duration-ms="2" started-at="2012-11-13T15:07:38Z" finished-at="2012-11-13T15:07:38Z">
          <reporter-output>
          </reporter-output>
        </test-method> <!-- closeSession -->
      </class> <!-- com.YouMagicPro.LKA_tests.Buying804NumberCostOfNumberTest -->
      <class name="com.YouMagicPro.LKA_tests.OrderByPickUpChangeNameTest">
        <test-method status="PASS" signature="startWebDriver()[pri:0, instance:com.YouMagicPro.LKA_tests.OrderByPickUpChangeNameTest@39c573cd]" name="startWebDriver" is-config="true" duration-ms="2039" started-at="2012-11-13T16:12:13Z" finished-at="2012-11-13T16:12:16Z">
          <reporter-output>
          </reporter-output>
        </test-method> <!-- startWebDriver -->
        <test-method status="PASS" signature="orderByPickUpChangeNameTest_C25668()[pri:0, instance:com.YouMagicPro.LKA_tests.OrderByPickUpChangeNameTest@39c573cd]" name="orderByPickUpChangeNameTest_C25668" duration-ms="19520" started-at="2012-11-13T16:12:16Z" finished-at="2012-11-13T16:12:35Z">
          <reporter-output>
          </reporter-output>
        </test-method> <!-- orderByPickUpChangeNameTest_C25668 -->
        <test-method status="PASS" signature="closeSession()[pri:0, instance:com.YouMagicPro.LKA_tests.OrderByPickUpChangeNameTest@39c573cd]" name="closeSession" is-config="true" duration-ms="2" started-at="2012-11-13T16:12:35Z" finished-at="2012-11-13T16:12:35Z">
          <reporter-output>
          </reporter-output>
        </test-method> <!-- closeSession -->
      </class> <!-- com.YouMagicPro.LKA_tests.OrderByPickUpChangeNameTest -->
      <class name="com.YouMagicPro.LKA_tests.Buying804NumberCategoriesOfNumbers">
        <test-method status="PASS" signature="startWebDriver()[pri:0, instance:com.YouMagicPro.LKA_tests.Buying804NumberCategoriesOfNumbers@7b37676c]" name="startWebDriver" is-config="true" duration-ms="1616" started-at="2012-11-13T15:05:37Z" finished-at="2012-11-13T15:05:39Z">
          <reporter-output>
          </reporter-output>
        </test-method> <!-- startWebDriver -->
        <test-method status="FAIL" signature="buying804NumberCategoriesOfNumbers_C25622()[pri:0, instance:com.YouMagicPro.LKA_tests.Buying804NumberCategoriesOfNumbers@7b37676c]" name="buying804NumberCategoriesOfNumbers_C25622" duration-ms="64917" started-at="2012-11-13T15:05:39Z" finished-at="2012-11-13T15:06:44Z">
          <exception class="org.openqa.selenium.WebDriverException">
            <message>
              <![CDATA[Element is not clickable at point (555, 381). Other element would receive the click: <img id="1" class="slideimage" src="/sites/all/modules/contrib/umagicpro_instructions/images/home.png" data-title="Благодарим вас за выбор YouMagic.Pro!"> (WARNING: The server did not provide any stacktrace information)
Command duration or timeout: 32 milliseconds
Build info: version: '2.26.0', revision: '18040', time: '2012-11-02 09:44:45'
System info: os.name: 'Windows 7', os.arch: 'amd64', os.version: '6.1', java.version: '1.7.0_05'
Driver info: driver.version: RemoteWebDriver
Session ID: 6752d5fad075b76405e9a4ba98709f8e]]>
            </message>
            <full-stacktrace>
              <![CDATA[org.openqa.selenium.WebDriverException: Element is not clickable at point (555, 381). Other element would receive the click: <img id="1" class="slideimage" src="/sites/all/modules/contrib/umagicpro_instructions/images/home.png" data-title="Благодарим вас за выбор YouMagic.Pro!"> (WARNING: The server did not provide any stacktrace information)
Command duration or timeout: 32 milliseconds
Build info: version: '2.26.0', revision: '18040', time: '2012-11-02 09:44:45'
System info: os.name: 'Windows 7', os.arch: 'amd64', os.version: '6.1', java.version: '1.7.0_05'
Driver info: driver.version: RemoteWebDriver
Session ID: 6752d5fad075b76405e9a4ba98709f8e
	at sun.reflect.NativeConstructorAccessorImpl.newInstance0(Native Method)
	at sun.reflect.NativeConstructorAccessorImpl.newInstance(NativeConstructorAccessorImpl.java:57)
	at sun.reflect.DelegatingConstructorAccessorImpl.newInstance(DelegatingConstructorAccessorImpl.java:45)
	at java.lang.reflect.Constructor.newInstance(Constructor.java:525)
	at org.openqa.selenium.remote.ErrorHandler.createThrowable(ErrorHandler.java:188)
	at org.openqa.selenium.remote.ErrorHandler.throwIfResponseFailed(ErrorHandler.java:145)
	at org.openqa.selenium.remote.RemoteWebDriver.execute(RemoteWebDriver.java:531)
	at org.openqa.selenium.remote.RemoteWebElement.execute(RemoteWebElement.java:246)
	at org.openqa.selenium.remote.RemoteWebElement.click(RemoteWebElement.java:79)
	at com.YouMagicPro.LKA_tests.TestBase.waitAdminPageToLoad(TestBase.java:111)
	at com.YouMagicPro.LKA_tests.Buying804NumberCategoriesOfNumbers.buying804NumberCategoriesOfNumbers_C25622(Buying804NumberCategoriesOfNumbers.java:11)
	at sun.reflect.NativeMethodAccessorImpl.invoke0(Native Method)
	at sun.reflect.NativeMethodAccessorImpl.invoke(NativeMethodAccessorImpl.java:57)
	at sun.reflect.DelegatingMethodAccessorImpl.invoke(DelegatingMethodAccessorImpl.java:43)
	at java.lang.reflect.Method.invoke(Method.java:601)
	at org.testng.internal.MethodInvocationHelper.invokeMethod(MethodInvocationHelper.java:80)
	at org.testng.internal.Invoker.invokeMethod(Invoker.java:714)
	at org.testng.internal.Invoker.invokeTestMethod(Invoker.java:901)
	at org.testng.internal.Invoker.invokeTestMethods(Invoker.java:1231)
	at org.testng.internal.TestMethodWorker.invokeTestMethods(TestMethodWorker.java:127)
	at org.testng.internal.TestMethodWorker.run(TestMethodWorker.java:111)
	at org.testng.TestRunner.privateRun(TestRunner.java:767)
	at org.testng.TestRunner.run(TestRunner.java:617)
	at org.testng.SuiteRunner.runTest(SuiteRunner.java:334)
	at org.testng.SuiteRunner.runSequentially(SuiteRunner.java:329)
	at org.testng.SuiteRunner.privateRun(SuiteRunner.java:291)
	at org.testng.SuiteRunner.run(SuiteRunner.java:240)
	at org.testng.SuiteRunnerWorker.runSuite(SuiteRunnerWorker.java:52)
	at org.testng.SuiteRunnerWorker.run(SuiteRunnerWorker.java:86)
	at org.testng.TestNG.runSuitesSequentially(TestNG.java:1198)
	at org.testng.TestNG.runSuitesLocally(TestNG.java:1123)
	at org.testng.TestNG.run(TestNG.java:1031)
	at org.apache.maven.surefire.testng.TestNGExecutor.run(TestNGExecutor.java:122)
	at org.apache.maven.surefire.testng.TestNGXmlTestSuite.execute(TestNGXmlTestSuite.java:88)
	at org.apache.maven.surefire.testng.TestNGProvider.invoke(TestNGProvider.java:104)
	at sun.reflect.NativeMethodAccessorImpl.invoke0(Native Method)
	at sun.reflect.NativeMethodAccessorImpl.invoke(NativeMethodAccessorImpl.java:57)
	at sun.reflect.DelegatingMethodAccessorImpl.invoke(DelegatingMethodAccessorImpl.java:43)
	at java.lang.reflect.Method.invoke(Method.java:601)
	at org.apache.maven.surefire.booter.ProviderFactory$ClassLoaderProxy.invoke(ProviderFactory.java:103)
	at $Proxy0.invoke(Unknown Source)
	at org.apache.maven.surefire.booter.SurefireStarter.invokeProvider(SurefireStarter.java:150)
	at org.apache.maven.surefire.booter.SurefireStarter.runSuitesInProcess(SurefireStarter.java:91)
	at org.apache.maven.surefire.booter.ForkedBooter.main(ForkedBooter.java:69)
]]>
            </full-stacktrace>
          </exception> <!-- org.openqa.selenium.WebDriverException -->
          <reporter-output>
          </reporter-output>
        </test-method> <!-- buying804NumberCategoriesOfNumbers_C25622 -->
        <test-method status="PASS" signature="closeSession()[pri:0, instance:com.YouMagicPro.LKA_tests.Buying804NumberCategoriesOfNumbers@7b37676c]" name="closeSession" is-config="true" duration-ms="5" started-at="2012-11-13T15:06:44Z" finished-at="2012-11-13T15:06:44Z">
          <reporter-output>
          </reporter-output>
        </test-method> <!-- closeSession -->
      </class> <!-- com.YouMagicPro.LKA_tests.Buying804NumberCategoriesOfNumbers -->
      <class name="com.YouMagicPro.LKA_tests.ContractCorAccountTenInTextFieldTest">
        <test-method status="PASS" signature="startWebDriver()[pri:0, instance:com.YouMagicPro.LKA_tests.ContractCorAccountTenInTextFieldTest@7e7d611f]" name="startWebDriver" is-config="true" duration-ms="1183" started-at="2012-11-13T15:38:52Z" finished-at="2012-11-13T15:38:53Z">
          <reporter-output>
          </reporter-output>
        </test-method> <!-- startWebDriver -->
        <test-method status="PASS" signature="contractCorAccountTenInTextFieldTest_C15000()[pri:0, instance:com.YouMagicPro.LKA_tests.ContractCorAccountTenInTextFieldTest@7e7d611f]" name="contractCorAccountTenInTextFieldTest_C15000" duration-ms="23918" started-at="2012-11-13T15:38:53Z" finished-at="2012-11-13T15:39:17Z">
          <reporter-output>
          </reporter-output>
        </test-method> <!-- contractCorAccountTenInTextFieldTest_C15000 -->
        <test-method status="PASS" signature="closeSession()[pri:0, instance:com.YouMagicPro.LKA_tests.ContractCorAccountTenInTextFieldTest@7e7d611f]" name="closeSession" is-config="true" duration-ms="2" started-at="2012-11-13T15:39:17Z" finished-at="2012-11-13T15:39:17Z">
          <reporter-output>
          </reporter-output>
        </test-method> <!-- closeSession -->
      </class> <!-- com.YouMagicPro.LKA_tests.ContractCorAccountTenInTextFieldTest -->
      <class name="com.YouMagicPro.LKA_tests.ContractKppLettersAndNumbersTest">
        <test-method status="PASS" signature="startWebDriver()[pri:0, instance:com.YouMagicPro.LKA_tests.ContractKppLettersAndNumbersTest@48179cc2]" name="startWebDriver" is-config="true" duration-ms="1176" started-at="2012-11-13T16:05:19Z" finished-at="2012-11-13T16:05:20Z">
          <reporter-output>
          </reporter-output>
        </test-method> <!-- startWebDriver -->
        <test-method status="PASS" signature="contractKppTest_C15054()[pri:0, instance:com.YouMagicPro.LKA_tests.ContractKppLettersAndNumbersTest@48179cc2]" name="contractKppTest_C15054" duration-ms="22475" started-at="2012-11-13T16:05:20Z" finished-at="2012-11-13T16:05:42Z">
          <reporter-output>
          </reporter-output>
        </test-method> <!-- contractKppTest_C15054 -->
        <test-method status="PASS" signature="closeSession()[pri:0, instance:com.YouMagicPro.LKA_tests.ContractKppLettersAndNumbersTest@48179cc2]" name="closeSession" is-config="true" duration-ms="2" started-at="2012-11-13T16:05:42Z" finished-at="2012-11-13T16:05:42Z">
          <reporter-output>
          </reporter-output>
        </test-method> <!-- closeSession -->
      </class> <!-- com.YouMagicPro.LKA_tests.ContractKppLettersAndNumbersTest -->
      <class name="com.YouMagicPro.LKA_tests.OrderByEmailChangeNameTest">
        <test-method status="PASS" signature="startWebDriver()[pri:0, instance:com.YouMagicPro.LKA_tests.OrderByEmailChangeNameTest@29d52a29]" name="startWebDriver" is-config="true" duration-ms="947" started-at="2012-11-13T16:11:07Z" finished-at="2012-11-13T16:11:08Z">
          <reporter-output>
          </reporter-output>
        </test-method> <!-- startWebDriver -->
        <test-method status="PASS" signature="orderByEmailChangeNameTest_C25671()[pri:0, instance:com.YouMagicPro.LKA_tests.OrderByEmailChangeNameTest@29d52a29]" name="orderByEmailChangeNameTest_C25671" duration-ms="23627" started-at="2012-11-13T16:11:08Z" finished-at="2012-11-13T16:11:32Z">
          <reporter-output>
          </reporter-output>
        </test-method> <!-- orderByEmailChangeNameTest_C25671 -->
        <test-method status="PASS" signature="closeSession()[pri:0, instance:com.YouMagicPro.LKA_tests.OrderByEmailChangeNameTest@29d52a29]" name="closeSession" is-config="true" duration-ms="2" started-at="2012-11-13T16:11:32Z" finished-at="2012-11-13T16:11:32Z">
          <reporter-output>
          </reporter-output>
        </test-method> <!-- closeSession -->
      </class> <!-- com.YouMagicPro.LKA_tests.OrderByEmailChangeNameTest -->
      <class name="com.YouMagicPro.LKA_tests.OrderByEmailChangeEmailTest">
        <test-method status="PASS" signature="startWebDriver()[pri:0, instance:com.YouMagicPro.LKA_tests.OrderByEmailChangeEmailTest@588e2e94]" name="startWebDriver" is-config="true" duration-ms="1383" started-at="2012-11-13T16:10:49Z" finished-at="2012-11-13T16:10:50Z">
          <reporter-output>
          </reporter-output>
        </test-method> <!-- startWebDriver -->
        <test-method status="PASS" signature="orderByEmailChangeEmailTest_C25653()[pri:0, instance:com.YouMagicPro.LKA_tests.OrderByEmailChangeEmailTest@588e2e94]" name="orderByEmailChangeEmailTest_C25653" duration-ms="17054" started-at="2012-11-13T16:10:50Z" finished-at="2012-11-13T16:11:07Z">
          <reporter-output>
          </reporter-output>
        </test-method> <!-- orderByEmailChangeEmailTest_C25653 -->
        <test-method status="PASS" signature="closeSession()[pri:0, instance:com.YouMagicPro.LKA_tests.OrderByEmailChangeEmailTest@588e2e94]" name="closeSession" is-config="true" duration-ms="2" started-at="2012-11-13T16:11:07Z" finished-at="2012-11-13T16:11:07Z">
          <reporter-output>
          </reporter-output>
        </test-method> <!-- closeSession -->
      </class> <!-- com.YouMagicPro.LKA_tests.OrderByEmailChangeEmailTest -->
      <class name="com.YouMagicPro.LKA_tests.ContractInn6NumbersInTextFieldTest">
        <test-method status="PASS" signature="startWebDriver()[pri:0, instance:com.YouMagicPro.LKA_tests.ContractInn6NumbersInTextFieldTest@2a7704dd]" name="startWebDriver" is-config="true" duration-ms="1204" started-at="2012-11-13T15:42:22Z" finished-at="2012-11-13T15:42:24Z">
          <reporter-output>
          </reporter-output>
        </test-method> <!-- startWebDriver -->
        <test-method status="PASS" signature="contractInn6NumbersInTextFieldTest_C15029()[pri:0, instance:com.YouMagicPro.LKA_tests.ContractInn6NumbersInTextFieldTest@2a7704dd]" name="contractInn6NumbersInTextFieldTest_C15029" duration-ms="36647" started-at="2012-11-13T15:42:24Z" finished-at="2012-11-13T15:43:00Z">
          <reporter-output>
          </reporter-output>
        </test-method> <!-- contractInn6NumbersInTextFieldTest_C15029 -->
        <test-method status="PASS" signature="closeSession()[pri:0, instance:com.YouMagicPro.LKA_tests.ContractInn6NumbersInTextFieldTest@2a7704dd]" name="closeSession" is-config="true" duration-ms="3" started-at="2012-11-13T15:43:00Z" finished-at="2012-11-13T15:43:00Z">
          <reporter-output>
          </reporter-output>
        </test-method> <!-- closeSession -->
      </class> <!-- com.YouMagicPro.LKA_tests.ContractInn6NumbersInTextFieldTest -->
      <class name="com.YouMagicPro.LKA_tests.ExpenseStructureChooseAdditionalNumbersTest">
        <test-method status="PASS" signature="startWebDriver()[pri:0, instance:com.YouMagicPro.LKA_tests.ExpenseStructureChooseAdditionalNumbersTest@73ad1d2c]" name="startWebDriver" is-config="true" duration-ms="1167" started-at="2012-11-13T16:09:11Z" finished-at="2012-11-13T16:09:12Z">
          <reporter-output>
          </reporter-output>
        </test-method> <!-- startWebDriver -->
        <test-method status="PASS" signature="expenseStructureChooseAdditionalNumbersTest_C15100()[pri:0, instance:com.YouMagicPro.LKA_tests.ExpenseStructureChooseAdditionalNumbersTest@73ad1d2c]" name="expenseStructureChooseAdditionalNumbersTest_C15100" duration-ms="10503" started-at="2012-11-13T16:09:12Z" finished-at="2012-11-13T16:09:23Z">
          <reporter-output>
          </reporter-output>
        </test-method> <!-- expenseStructureChooseAdditionalNumbersTest_C15100 -->
        <test-method status="PASS" signature="closeSession()[pri:0, instance:com.YouMagicPro.LKA_tests.ExpenseStructureChooseAdditionalNumbersTest@73ad1d2c]" name="closeSession" is-config="true" duration-ms="2" started-at="2012-11-13T16:09:23Z" finished-at="2012-11-13T16:09:23Z">
          <reporter-output>
          </reporter-output>
        </test-method> <!-- closeSession -->
      </class> <!-- com.YouMagicPro.LKA_tests.ExpenseStructureChooseAdditionalNumbersTest -->
      <class name="com.YouMagicPro.LKA_tests.ContractCorAccountSymbolsInTextFieldTest">
        <test-method status="PASS" signature="startWebDriver()[pri:0, instance:com.YouMagicPro.LKA_tests.ContractCorAccountSymbolsInTextFieldTest@2686a13f]" name="startWebDriver" is-config="true" duration-ms="1177" started-at="2012-11-13T15:38:31Z" finished-at="2012-11-13T15:38:32Z">
          <reporter-output>
          </reporter-output>
        </test-method> <!-- startWebDriver -->
        <test-method status="FAIL" signature="contractCorAccountSymbolsInTextFieldTest_C15003()[pri:0, instance:com.YouMagicPro.LKA_tests.ContractCorAccountSymbolsInTextFieldTest@2686a13f]" name="contractCorAccountSymbolsInTextFieldTest_C15003" duration-ms="19343" started-at="2012-11-13T15:38:32Z" finished-at="2012-11-13T15:38:52Z">
          <exception class="org.openqa.selenium.WebDriverException">
            <message>
              <![CDATA[Element is not clickable at point (750.5, 645.5). Other element would receive the click: <div id="instructionBackdrop" style="z-index: 1110; position: absolute; left: 0px; margin: 0px; background-color: rgb(255, 255, 255); opacity: 0.55; top: 0px; height: 2510px; width: 977px; background-position: initial initial; background-repeat: initial initial;"></div> (WARNING: The server did not provide any stacktrace information)
Command duration or timeout: 47 milliseconds
Build info: version: '2.26.0', revision: '18040', time: '2012-11-02 09:44:45'
System info: os.name: 'Windows 7', os.arch: 'amd64', os.version: '6.1', java.version: '1.7.0_05'
Driver info: driver.version: RemoteWebDriver
Session ID: 053d130924a2ef8cf5d8e23415fd3f59]]>
            </message>
            <full-stacktrace>
              <![CDATA[org.openqa.selenium.WebDriverException: Element is not clickable at point (750.5, 645.5). Other element would receive the click: <div id="instructionBackdrop" style="z-index: 1110; position: absolute; left: 0px; margin: 0px; background-color: rgb(255, 255, 255); opacity: 0.55; top: 0px; height: 2510px; width: 977px; background-position: initial initial; background-repeat: initial initial;"></div> (WARNING: The server did not provide any stacktrace information)
Command duration or timeout: 47 milliseconds
Build info: version: '2.26.0', revision: '18040', time: '2012-11-02 09:44:45'
System info: os.name: 'Windows 7', os.arch: 'amd64', os.version: '6.1', java.version: '1.7.0_05'
Driver info: driver.version: RemoteWebDriver
Session ID: 053d130924a2ef8cf5d8e23415fd3f59
	at sun.reflect.NativeConstructorAccessorImpl.newInstance0(Native Method)
	at sun.reflect.NativeConstructorAccessorImpl.newInstance(NativeConstructorAccessorImpl.java:57)
	at sun.reflect.DelegatingConstructorAccessorImpl.newInstance(DelegatingConstructorAccessorImpl.java:45)
	at java.lang.reflect.Constructor.newInstance(Constructor.java:525)
	at org.openqa.selenium.remote.ErrorHandler.createThrowable(ErrorHandler.java:188)
	at org.openqa.selenium.remote.ErrorHandler.throwIfResponseFailed(ErrorHandler.java:145)
	at org.openqa.selenium.remote.RemoteWebDriver.execute(RemoteWebDriver.java:531)
	at org.openqa.selenium.remote.RemoteWebElement.execute(RemoteWebElement.java:246)
	at org.openqa.selenium.remote.RemoteWebElement.click(RemoteWebElement.java:79)
	at com.YouMagicPro.LKA_tests.TestBase.sendKeysAndAssert_cor(TestBase.java:67)
	at com.YouMagicPro.LKA_tests.ContractCorAccountSymbolsInTextFieldTest.contractCorAccountSymbolsInTextFieldTest_C15003(ContractCorAccountSymbolsInTextFieldTest.java:10)
	at sun.reflect.NativeMethodAccessorImpl.invoke0(Native Method)
	at sun.reflect.NativeMethodAccessorImpl.invoke(NativeMethodAccessorImpl.java:57)
	at sun.reflect.DelegatingMethodAccessorImpl.invoke(DelegatingMethodAccessorImpl.java:43)
	at java.lang.reflect.Method.invoke(Method.java:601)
	at org.testng.internal.MethodInvocationHelper.invokeMethod(MethodInvocationHelper.java:80)
	at org.testng.internal.Invoker.invokeMethod(Invoker.java:714)
	at org.testng.internal.Invoker.invokeTestMethod(Invoker.java:901)
	at org.testng.internal.Invoker.invokeTestMethods(Invoker.java:1231)
	at org.testng.internal.TestMethodWorker.invokeTestMethods(TestMethodWorker.java:127)
	at org.testng.internal.TestMethodWorker.run(TestMethodWorker.java:111)
	at org.testng.TestRunner.privateRun(TestRunner.java:767)
	at org.testng.TestRunner.run(TestRunner.java:617)
	at org.testng.SuiteRunner.runTest(SuiteRunner.java:334)
	at org.testng.SuiteRunner.runSequentially(SuiteRunner.java:329)
	at org.testng.SuiteRunner.privateRun(SuiteRunner.java:291)
	at org.testng.SuiteRunner.run(SuiteRunner.java:240)
	at org.testng.SuiteRunnerWorker.runSuite(SuiteRunnerWorker.java:52)
	at org.testng.SuiteRunnerWorker.run(SuiteRunnerWorker.java:86)
	at org.testng.TestNG.runSuitesSequentially(TestNG.java:1198)
	at org.testng.TestNG.runSuitesLocally(TestNG.java:1123)
	at org.testng.TestNG.run(TestNG.java:1031)
	at org.apache.maven.surefire.testng.TestNGExecutor.run(TestNGExecutor.java:122)
	at org.apache.maven.surefire.testng.TestNGXmlTestSuite.execute(TestNGXmlTestSuite.java:88)
	at org.apache.maven.surefire.testng.TestNGProvider.invoke(TestNGProvider.java:104)
	at sun.reflect.NativeMethodAccessorImpl.invoke0(Native Method)
	at sun.reflect.NativeMethodAccessorImpl.invoke(NativeMethodAccessorImpl.java:57)
	at sun.reflect.DelegatingMethodAccessorImpl.invoke(DelegatingMethodAccessorImpl.java:43)
	at java.lang.reflect.Method.invoke(Method.java:601)
	at org.apache.maven.surefire.booter.ProviderFactory$ClassLoaderProxy.invoke(ProviderFactory.java:103)
	at $Proxy0.invoke(Unknown Source)
	at org.apache.maven.surefire.booter.SurefireStarter.invokeProvider(SurefireStarter.java:150)
	at org.apache.maven.surefire.booter.SurefireStarter.runSuitesInProcess(SurefireStarter.java:91)
	at org.apache.maven.surefire.booter.ForkedBooter.main(ForkedBooter.java:69)
]]>
            </full-stacktrace>
          </exception> <!-- org.openqa.selenium.WebDriverException -->
          <reporter-output>
          </reporter-output>
        </test-method> <!-- contractCorAccountSymbolsInTextFieldTest_C15003 -->
        <test-method status="PASS" signature="closeSession()[pri:0, instance:com.YouMagicPro.LKA_tests.ContractCorAccountSymbolsInTextFieldTest@2686a13f]" name="closeSession" is-config="true" duration-ms="2" started-at="2012-11-13T15:38:52Z" finished-at="2012-11-13T15:38:52Z">
          <reporter-output>
          </reporter-output>
        </test-method> <!-- closeSession -->
      </class> <!-- com.YouMagicPro.LKA_tests.ContractCorAccountSymbolsInTextFieldTest -->
      <class name="com.YouMagicPro.LKA_tests.ContractOgrnLettersInTextFieldTest">
        <test-method status="PASS" signature="startWebDriver()[pri:0, instance:com.YouMagicPro.LKA_tests.ContractOgrnLettersInTextFieldTest@5c78bca]" name="startWebDriver" is-config="true" duration-ms="1334" started-at="2012-11-13T16:07:42Z" finished-at="2012-11-13T16:07:43Z">
          <reporter-output>
          </reporter-output>
        </test-method> <!-- startWebDriver -->
        <test-method status="PASS" signature="contractOgrnLettersInTextFieldTest_C15056()[pri:0, instance:com.YouMagicPro.LKA_tests.ContractOgrnLettersInTextFieldTest@5c78bca]" name="contractOgrnLettersInTextFieldTest_C15056" duration-ms="20791" started-at="2012-11-13T16:07:43Z" finished-at="2012-11-13T16:08:04Z">
          <reporter-output>
          </reporter-output>
        </test-method> <!-- contractOgrnLettersInTextFieldTest_C15056 -->
        <test-method status="PASS" signature="closeSession()[pri:0, instance:com.YouMagicPro.LKA_tests.ContractOgrnLettersInTextFieldTest@5c78bca]" name="closeSession" is-config="true" duration-ms="23" started-at="2012-11-13T16:08:04Z" finished-at="2012-11-13T16:08:04Z">
          <reporter-output>
          </reporter-output>
        </test-method> <!-- closeSession -->
      </class> <!-- com.YouMagicPro.LKA_tests.ContractOgrnLettersInTextFieldTest -->
      <class name="com.YouMagicPro.LKA_tests.OrderByEmailCancelButtonTest">
        <test-method status="PASS" signature="startWebDriver()[pri:0, instance:com.YouMagicPro.LKA_tests.OrderByEmailCancelButtonTest@217c26cc]" name="startWebDriver" is-config="true" duration-ms="1194" started-at="2012-11-13T16:10:26Z" finished-at="2012-11-13T16:10:27Z">
          <reporter-output>
          </reporter-output>
        </test-method> <!-- startWebDriver -->
        <test-method status="PASS" signature="orderByEmailCancelButtonTest_C15141()[pri:0, instance:com.YouMagicPro.LKA_tests.OrderByEmailCancelButtonTest@217c26cc]" name="orderByEmailCancelButtonTest_C15141" duration-ms="22170" started-at="2012-11-13T16:10:27Z" finished-at="2012-11-13T16:10:49Z">
          <reporter-output>
          </reporter-output>
        </test-method> <!-- orderByEmailCancelButtonTest_C15141 -->
        <test-method status="PASS" signature="closeSession()[pri:0, instance:com.YouMagicPro.LKA_tests.OrderByEmailCancelButtonTest@217c26cc]" name="closeSession" is-config="true" duration-ms="23" started-at="2012-11-13T16:10:49Z" finished-at="2012-11-13T16:10:49Z">
          <reporter-output>
          </reporter-output>
        </test-method> <!-- closeSession -->
      </class> <!-- com.YouMagicPro.LKA_tests.OrderByEmailCancelButtonTest -->
      <class name="com.YouMagicPro.LKA_tests.ExpenseStructureRentalFeeTest">
        <test-method status="PASS" signature="startWebDriver()[pri:0, instance:com.YouMagicPro.LKA_tests.ExpenseStructureRentalFeeTest@2e3fb088]" name="startWebDriver" is-config="true" duration-ms="655" started-at="2012-11-13T16:09:50Z" finished-at="2012-11-13T16:09:51Z">
          <reporter-output>
          </reporter-output>
        </test-method> <!-- startWebDriver -->
        <test-method status="PASS" signature="expenseStructureRentalFeeTest_C15096()[pri:0, instance:com.YouMagicPro.LKA_tests.ExpenseStructureRentalFeeTest@2e3fb088]" name="expenseStructureRentalFeeTest_C15096" duration-ms="8819" started-at="2012-11-13T16:09:51Z" finished-at="2012-11-13T16:10:00Z">
          <reporter-output>
          </reporter-output>
        </test-method> <!-- expenseStructureRentalFeeTest_C15096 -->
        <test-method status="PASS" signature="closeSession()[pri:0, instance:com.YouMagicPro.LKA_tests.ExpenseStructureRentalFeeTest@2e3fb088]" name="closeSession" is-config="true" duration-ms="2" started-at="2012-11-13T16:10:00Z" finished-at="2012-11-13T16:10:00Z">
          <reporter-output>
          </reporter-output>
        </test-method> <!-- closeSession -->
      </class> <!-- com.YouMagicPro.LKA_tests.ExpenseStructureRentalFeeTest -->
      <class name="com.YouMagicPro.LKA_tests.ContractInnLettersInTextFieldTest">
        <test-method status="PASS" signature="startWebDriver()[pri:0, instance:com.YouMagicPro.LKA_tests.ContractInnLettersInTextFieldTest@501614a]" name="startWebDriver" is-config="true" duration-ms="688" started-at="2012-11-13T15:46:25Z" finished-at="2012-11-13T15:46:26Z">
          <reporter-output>
          </reporter-output>
        </test-method> <!-- startWebDriver -->
        <test-method status="PASS" signature="contractInnLettersInTextFieldTest_C15030()[pri:0, instance:com.YouMagicPro.LKA_tests.ContractInnLettersInTextFieldTest@501614a]" name="contractInnLettersInTextFieldTest_C15030" duration-ms="447818" started-at="2012-11-13T15:46:26Z" finished-at="2012-11-13T15:53:53Z">
          <reporter-output>
          </reporter-output>
        </test-method> <!-- contractInnLettersInTextFieldTest_C15030 -->
        <test-method status="PASS" signature="closeSession()[pri:0, instance:com.YouMagicPro.LKA_tests.ContractInnLettersInTextFieldTest@501614a]" name="closeSession" is-config="true" duration-ms="2" started-at="2012-11-13T15:53:53Z" finished-at="2012-11-13T15:53:53Z">
          <reporter-output>
          </reporter-output>
        </test-method> <!-- closeSession -->
      </class> <!-- com.YouMagicPro.LKA_tests.ContractInnLettersInTextFieldTest -->
      <class name="com.YouMagicPro.LKA_tests.ContractInnOneInTextFieldTest">
        <test-method status="PASS" signature="startWebDriver()[pri:0, instance:com.YouMagicPro.LKA_tests.ContractInnOneInTextFieldTest@575ec870]" name="startWebDriver" is-config="true" duration-ms="747" started-at="2012-11-13T15:53:53Z" finished-at="2012-11-13T15:53:54Z">
          <reporter-output>
          </reporter-output>
        </test-method> <!-- startWebDriver -->
        <test-method status="FAIL" signature="contractInnOneInTextFieldTest_C15028()[pri:0, instance:com.YouMagicPro.LKA_tests.ContractInnOneInTextFieldTest@575ec870]" name="contractInnOneInTextFieldTest_C15028" duration-ms="458766" started-at="2012-11-13T15:53:54Z" finished-at="2012-11-13T16:01:33Z">
          <exception class="org.openqa.selenium.WebDriverException">
            <message>
              <![CDATA[Element is not clickable at point (555, 381). Other element would receive the click: <img id="1" class="slideimage" src="/sites/all/modules/contrib/umagicpro_instructions/images/home.png" data-title="Благодарим вас за выбор YouMagic.Pro!"> (WARNING: The server did not provide any stacktrace information)
Command duration or timeout: 33 milliseconds
Build info: version: '2.26.0', revision: '18040', time: '2012-11-02 09:44:45'
System info: os.name: 'Windows 7', os.arch: 'amd64', os.version: '6.1', java.version: '1.7.0_05'
Driver info: driver.version: RemoteWebDriver
Session ID: aab41033625dc2508e332250dcfabb57]]>
            </message>
            <full-stacktrace>
              <![CDATA[org.openqa.selenium.WebDriverException: Element is not clickable at point (555, 381). Other element would receive the click: <img id="1" class="slideimage" src="/sites/all/modules/contrib/umagicpro_instructions/images/home.png" data-title="Благодарим вас за выбор YouMagic.Pro!"> (WARNING: The server did not provide any stacktrace information)
Command duration or timeout: 33 milliseconds
Build info: version: '2.26.0', revision: '18040', time: '2012-11-02 09:44:45'
System info: os.name: 'Windows 7', os.arch: 'amd64', os.version: '6.1', java.version: '1.7.0_05'
Driver info: driver.version: RemoteWebDriver
Session ID: aab41033625dc2508e332250dcfabb57
	at sun.reflect.NativeConstructorAccessorImpl.newInstance0(Native Method)
	at sun.reflect.NativeConstructorAccessorImpl.newInstance(NativeConstructorAccessorImpl.java:57)
	at sun.reflect.DelegatingConstructorAccessorImpl.newInstance(DelegatingConstructorAccessorImpl.java:45)
	at java.lang.reflect.Constructor.newInstance(Constructor.java:525)
	at org.openqa.selenium.remote.ErrorHandler.createThrowable(ErrorHandler.java:188)
	at org.openqa.selenium.remote.ErrorHandler.throwIfResponseFailed(ErrorHandler.java:145)
	at org.openqa.selenium.remote.RemoteWebDriver.execute(RemoteWebDriver.java:531)
	at org.openqa.selenium.remote.RemoteWebElement.execute(RemoteWebElement.java:246)
	at org.openqa.selenium.remote.RemoteWebElement.click(RemoteWebElement.java:79)
	at com.YouMagicPro.LKA_tests.TestBase.waitContractPageToLoad(TestBase.java:138)
	at com.YouMagicPro.LKA_tests.ContractInnOneInTextFieldTest.contractInnOneInTextFieldTest_C15028(ContractInnOneInTextFieldTest.java:8)
	at sun.reflect.NativeMethodAccessorImpl.invoke0(Native Method)
	at sun.reflect.NativeMethodAccessorImpl.invoke(NativeMethodAccessorImpl.java:57)
	at sun.reflect.DelegatingMethodAccessorImpl.invoke(DelegatingMethodAccessorImpl.java:43)
	at java.lang.reflect.Method.invoke(Method.java:601)
	at org.testng.internal.MethodInvocationHelper.invokeMethod(MethodInvocationHelper.java:80)
	at org.testng.internal.Invoker.invokeMethod(Invoker.java:714)
	at org.testng.internal.Invoker.invokeTestMethod(Invoker.java:901)
	at org.testng.internal.Invoker.invokeTestMethods(Invoker.java:1231)
	at org.testng.internal.TestMethodWorker.invokeTestMethods(TestMethodWorker.java:127)
	at org.testng.internal.TestMethodWorker.run(TestMethodWorker.java:111)
	at org.testng.TestRunner.privateRun(TestRunner.java:767)
	at org.testng.TestRunner.run(TestRunner.java:617)
	at org.testng.SuiteRunner.runTest(SuiteRunner.java:334)
	at org.testng.SuiteRunner.runSequentially(SuiteRunner.java:329)
	at org.testng.SuiteRunner.privateRun(SuiteRunner.java:291)
	at org.testng.SuiteRunner.run(SuiteRunner.java:240)
	at org.testng.SuiteRunnerWorker.runSuite(SuiteRunnerWorker.java:52)
	at org.testng.SuiteRunnerWorker.run(SuiteRunnerWorker.java:86)
	at org.testng.TestNG.runSuitesSequentially(TestNG.java:1198)
	at org.testng.TestNG.runSuitesLocally(TestNG.java:1123)
	at org.testng.TestNG.run(TestNG.java:1031)
	at org.apache.maven.surefire.testng.TestNGExecutor.run(TestNGExecutor.java:122)
	at org.apache.maven.surefire.testng.TestNGXmlTestSuite.execute(TestNGXmlTestSuite.java:88)
	at org.apache.maven.surefire.testng.TestNGProvider.invoke(TestNGProvider.java:104)
	at sun.reflect.NativeMethodAccessorImpl.invoke0(Native Method)
	at sun.reflect.NativeMethodAccessorImpl.invoke(NativeMethodAccessorImpl.java:57)
	at sun.reflect.DelegatingMethodAccessorImpl.invoke(DelegatingMethodAccessorImpl.java:43)
	at java.lang.reflect.Method.invoke(Method.java:601)
	at org.apache.maven.surefire.booter.ProviderFactory$ClassLoaderProxy.invoke(ProviderFactory.java:103)
	at $Proxy0.invoke(Unknown Source)
	at org.apache.maven.surefire.booter.SurefireStarter.invokeProvider(SurefireStarter.java:150)
	at org.apache.maven.surefire.booter.SurefireStarter.runSuitesInProcess(SurefireStarter.java:91)
	at org.apache.maven.surefire.booter.ForkedBooter.main(ForkedBooter.java:69)
]]>
            </full-stacktrace>
          </exception> <!-- org.openqa.selenium.WebDriverException -->
          <reporter-output>
          </reporter-output>
        </test-method> <!-- contractInnOneInTextFieldTest_C15028 -->
        <test-method status="PASS" signature="closeSession()[pri:0, instance:com.YouMagicPro.LKA_tests.ContractInnOneInTextFieldTest@575ec870]" name="closeSession" is-config="true" duration-ms="2" started-at="2012-11-13T16:01:33Z" finished-at="2012-11-13T16:01:33Z">
          <reporter-output>
          </reporter-output>
        </test-method> <!-- closeSession -->
      </class> <!-- com.YouMagicPro.LKA_tests.ContractInnOneInTextFieldTest -->
      <class name="com.YouMagicPro.LKA_tests.ExpenseStructureAdditionalNumbersFeeTest">
        <test-method status="PASS" signature="startWebDriver()[pri:0, instance:com.YouMagicPro.LKA_tests.ExpenseStructureAdditionalNumbersFeeTest@6faa7dbc]" name="startWebDriver" is-config="true" duration-ms="1175" started-at="2012-11-13T16:09:01Z" finished-at="2012-11-13T16:09:02Z">
          <reporter-output>
          </reporter-output>
        </test-method> <!-- startWebDriver -->
        <test-method status="PASS" signature="expenseStructureAdditionalNumbersFeeTest_C15096()[pri:0, instance:com.YouMagicPro.LKA_tests.ExpenseStructureAdditionalNumbersFeeTest@6faa7dbc]" name="expenseStructureAdditionalNumbersFeeTest_C15096" duration-ms="8922" started-at="2012-11-13T16:09:02Z" finished-at="2012-11-13T16:09:11Z">
          <reporter-output>
          </reporter-output>
        </test-method> <!-- expenseStructureAdditionalNumbersFeeTest_C15096 -->
        <test-method status="PASS" signature="closeSession()[pri:0, instance:com.YouMagicPro.LKA_tests.ExpenseStructureAdditionalNumbersFeeTest@6faa7dbc]" name="closeSession" is-config="true" duration-ms="2" started-at="2012-11-13T16:09:11Z" finished-at="2012-11-13T16:09:11Z">
          <reporter-output>
          </reporter-output>
        </test-method> <!-- closeSession -->
      </class> <!-- com.YouMagicPro.LKA_tests.ExpenseStructureAdditionalNumbersFeeTest -->
      <class name="com.YouMagicPro.LKA_tests.ContractEndOfPageDataTest">
        <test-method status="PASS" signature="startWebDriver()[pri:0, instance:com.YouMagicPro.LKA_tests.ContractEndOfPageDataTest@50c442db]" name="startWebDriver" is-config="true" duration-ms="694" started-at="2012-11-13T15:39:17Z" finished-at="2012-11-13T15:39:17Z">
          <reporter-output>
          </reporter-output>
        </test-method> <!-- startWebDriver -->
        <test-method status="PASS" signature="contractEndOfPageDataTest_C15062()[pri:0, instance:com.YouMagicPro.LKA_tests.ContractEndOfPageDataTest@50c442db]" name="contractEndOfPageDataTest_C15062" duration-ms="104124" started-at="2012-11-13T15:39:17Z" finished-at="2012-11-13T15:41:02Z">
          <reporter-output>
          </reporter-output>
        </test-method> <!-- contractEndOfPageDataTest_C15062 -->
        <test-method status="PASS" signature="closeSession()[pri:0, instance:com.YouMagicPro.LKA_tests.ContractEndOfPageDataTest@50c442db]" name="closeSession" is-config="true" duration-ms="3" started-at="2012-11-13T15:41:02Z" finished-at="2012-11-13T15:41:02Z">
          <reporter-output>
          </reporter-output>
        </test-method> <!-- closeSession -->
      </class> <!-- com.YouMagicPro.LKA_tests.ContractEndOfPageDataTest -->
      <class name="com.YouMagicPro.LKA_tests.OrderByPickUpChangePhoneTest">
        <test-method status="PASS" signature="startWebDriver()[pri:0, instance:com.YouMagicPro.LKA_tests.OrderByPickUpChangePhoneTest@1fcf6aa3]" name="startWebDriver" is-config="true" duration-ms="1512" started-at="2012-11-13T16:12:35Z" finished-at="2012-11-13T16:12:37Z">
          <reporter-output>
          </reporter-output>
        </test-method> <!-- startWebDriver -->
        <test-method status="PASS" signature="OrderByPickUpChangePhoneTest_C25666()[pri:0, instance:com.YouMagicPro.LKA_tests.OrderByPickUpChangePhoneTest@1fcf6aa3]" name="OrderByPickUpChangePhoneTest_C25666" duration-ms="16917" started-at="2012-11-13T16:12:37Z" finished-at="2012-11-13T16:12:53Z">
          <reporter-output>
          </reporter-output>
        </test-method> <!-- OrderByPickUpChangePhoneTest_C25666 -->
        <test-method status="PASS" signature="closeSession()[pri:0, instance:com.YouMagicPro.LKA_tests.OrderByPickUpChangePhoneTest@1fcf6aa3]" name="closeSession" is-config="true" duration-ms="1" started-at="2012-11-13T16:12:53Z" finished-at="2012-11-13T16:12:53Z">
          <reporter-output>
          </reporter-output>
        </test-method> <!-- closeSession -->
      </class> <!-- com.YouMagicPro.LKA_tests.OrderByPickUpChangePhoneTest -->
      <class name="com.YouMagicPro.LKA_tests.BuyingAdditionalNumberChooseNumbersFromList">
        <test-method status="PASS" signature="startWebDriver()[pri:0, instance:com.YouMagicPro.LKA_tests.BuyingAdditionalNumberChooseNumbersFromList@5f8f22f3]" name="startWebDriver" is-config="true" duration-ms="1168" started-at="2012-11-13T15:10:51Z" finished-at="2012-11-13T15:10:52Z">
          <reporter-output>
          </reporter-output>
        </test-method> <!-- startWebDriver -->
        <test-method status="PASS" signature="BuyingAdditionalNumberChooseNumbersFromList_C15106()[pri:0, instance:com.YouMagicPro.LKA_tests.BuyingAdditionalNumberChooseNumbersFromList@5f8f22f3]" name="BuyingAdditionalNumberChooseNumbersFromList_C15106" duration-ms="20546" started-at="2012-11-13T15:10:52Z" finished-at="2012-11-13T15:11:13Z">
          <reporter-output>
          </reporter-output>
        </test-method> <!-- BuyingAdditionalNumberChooseNumbersFromList_C15106 -->
        <test-method status="PASS" signature="closeSession()[pri:0, instance:com.YouMagicPro.LKA_tests.BuyingAdditionalNumberChooseNumbersFromList@5f8f22f3]" name="closeSession" is-config="true" duration-ms="2" started-at="2012-11-13T15:11:13Z" finished-at="2012-11-13T15:11:13Z">
          <reporter-output>
          </reporter-output>
        </test-method> <!-- closeSession -->
      </class> <!-- com.YouMagicPro.LKA_tests.BuyingAdditionalNumberChooseNumbersFromList -->
      <class name="com.YouMagicPro.LKA_tests.OrderToAdressChangeNameTest">
        <test-method status="PASS" signature="startWebDriver()[pri:0, instance:com.YouMagicPro.LKA_tests.OrderToAdressChangeNameTest@23536fd]" name="startWebDriver" is-config="true" duration-ms="668" started-at="2012-11-13T16:14:17Z" finished-at="2012-11-13T16:14:17Z">
          <reporter-output>
          </reporter-output>
        </test-method> <!-- startWebDriver -->
        <test-method status="PASS" signature="orderToAdressChangeNameTest_C25672()[pri:0, instance:com.YouMagicPro.LKA_tests.OrderToAdressChangeNameTest@23536fd]" name="orderToAdressChangeNameTest_C25672" duration-ms="18099" started-at="2012-11-13T16:14:17Z" finished-at="2012-11-13T16:14:36Z">
          <reporter-output>
          </reporter-output>
        </test-method> <!-- orderToAdressChangeNameTest_C25672 -->
        <test-method status="PASS" signature="closeSession()[pri:0, instance:com.YouMagicPro.LKA_tests.OrderToAdressChangeNameTest@23536fd]" name="closeSession" is-config="true" duration-ms="2" started-at="2012-11-13T16:14:36Z" finished-at="2012-11-13T16:14:36Z">
          <reporter-output>
          </reporter-output>
        </test-method> <!-- closeSession -->
      </class> <!-- com.YouMagicPro.LKA_tests.OrderToAdressChangeNameTest -->
      <class name="com.YouMagicPro.LKA_tests.OrderByPickUpOrderWithoutDocTypeCheckedTest">
        <test-method status="PASS" signature="startWebDriver()[pri:0, instance:com.YouMagicPro.LKA_tests.OrderByPickUpOrderWithoutDocTypeCheckedTest@7653537c]" name="startWebDriver" is-config="true" duration-ms="1826" started-at="2012-11-13T16:12:53Z" finished-at="2012-11-13T16:12:55Z">
          <reporter-output>
          </reporter-output>
        </test-method> <!-- startWebDriver -->
        <test-method status="PASS" signature="orderByPickUpOrderWithoutDocTypeCheckedTest_C25663()[pri:0, instance:com.YouMagicPro.LKA_tests.OrderByPickUpOrderWithoutDocTypeCheckedTest@7653537c]" name="orderByPickUpOrderWithoutDocTypeCheckedTest_C25663" duration-ms="21174" started-at="2012-11-13T16:12:55Z" finished-at="2012-11-13T16:13:16Z">
          <reporter-output>
          </reporter-output>
        </test-method> <!-- orderByPickUpOrderWithoutDocTypeCheckedTest_C25663 -->
        <test-method status="PASS" signature="closeSession()[pri:0, instance:com.YouMagicPro.LKA_tests.OrderByPickUpOrderWithoutDocTypeCheckedTest@7653537c]" name="closeSession" is-config="true" duration-ms="2" started-at="2012-11-13T16:13:16Z" finished-at="2012-11-13T16:13:16Z">
          <reporter-output>
          </reporter-output>
        </test-method> <!-- closeSession -->
      </class> <!-- com.YouMagicPro.LKA_tests.OrderByPickUpOrderWithoutDocTypeCheckedTest -->
      <class name="com.YouMagicPro.LKA_tests.ContractOgrn6NumbersInTextFieldTest">
        <test-method status="PASS" signature="startWebDriver()[pri:0, instance:com.YouMagicPro.LKA_tests.ContractOgrn6NumbersInTextFieldTest@2224faea]" name="startWebDriver" is-config="true" duration-ms="686" started-at="2012-11-13T16:06:53Z" finished-at="2012-11-13T16:06:54Z">
          <reporter-output>
          </reporter-output>
        </test-method> <!-- startWebDriver -->
        <test-method status="PASS" signature="contractOgrn6NumbersInTextFieldTest_C15055()[pri:0, instance:com.YouMagicPro.LKA_tests.ContractOgrn6NumbersInTextFieldTest@2224faea]" name="contractOgrn6NumbersInTextFieldTest_C15055" duration-ms="23396" started-at="2012-11-13T16:06:54Z" finished-at="2012-11-13T16:07:17Z">
          <reporter-output>
          </reporter-output>
        </test-method> <!-- contractOgrn6NumbersInTextFieldTest_C15055 -->
        <test-method status="PASS" signature="closeSession()[pri:0, instance:com.YouMagicPro.LKA_tests.ContractOgrn6NumbersInTextFieldTest@2224faea]" name="closeSession" is-config="true" duration-ms="2" started-at="2012-11-13T16:07:17Z" finished-at="2012-11-13T16:07:17Z">
          <reporter-output>
          </reporter-output>
        </test-method> <!-- closeSession -->
      </class> <!-- com.YouMagicPro.LKA_tests.ContractOgrn6NumbersInTextFieldTest -->
      <class name="com.YouMagicPro.LKA_tests.ContractBankAccountSymbolsInTextFieldTest">
        <test-method status="PASS" signature="startWebDriver()[pri:0, instance:com.YouMagicPro.LKA_tests.ContractBankAccountSymbolsInTextFieldTest@76c197b6]" name="startWebDriver" is-config="true" duration-ms="1190" started-at="2012-11-13T15:16:05Z" finished-at="2012-11-13T15:16:07Z">
          <reporter-output>
          </reporter-output>
        </test-method> <!-- startWebDriver -->
        <test-method status="PASS" signature="contractBankAccountSymbolsInTextFieldTest_C14997()[pri:0, instance:com.YouMagicPro.LKA_tests.ContractBankAccountSymbolsInTextFieldTest@76c197b6]" name="contractBankAccountSymbolsInTextFieldTest_C14997" duration-ms="55455" started-at="2012-11-13T15:16:07Z" finished-at="2012-11-13T15:17:02Z">
          <reporter-output>
          </reporter-output>
        </test-method> <!-- contractBankAccountSymbolsInTextFieldTest_C14997 -->
        <test-method status="PASS" signature="closeSession()[pri:0, instance:com.YouMagicPro.LKA_tests.ContractBankAccountSymbolsInTextFieldTest@76c197b6]" name="closeSession" is-config="true" duration-ms="2" started-at="2012-11-13T15:17:02Z" finished-at="2012-11-13T15:17:02Z">
          <reporter-output>
          </reporter-output>
        </test-method> <!-- closeSession -->
      </class> <!-- com.YouMagicPro.LKA_tests.ContractBankAccountSymbolsInTextFieldTest -->
      <class name="com.YouMagicPro.LKA_tests.OrderByPickUpCancelButtonTest">
        <test-method status="PASS" signature="startWebDriver()[pri:0, instance:com.YouMagicPro.LKA_tests.OrderByPickUpCancelButtonTest@14ddf6a1]" name="startWebDriver" is-config="true" duration-ms="1899" started-at="2012-11-13T16:11:52Z" finished-at="2012-11-13T16:11:54Z">
          <reporter-output>
          </reporter-output>
        </test-method> <!-- startWebDriver -->
        <test-method status="PASS" signature="orderByPickUpCancelButtonTest_C25664()[pri:0, instance:com.YouMagicPro.LKA_tests.OrderByPickUpCancelButtonTest@14ddf6a1]" name="orderByPickUpCancelButtonTest_C25664" duration-ms="19135" started-at="2012-11-13T16:11:54Z" finished-at="2012-11-13T16:12:13Z">
          <reporter-output>
          </reporter-output>
        </test-method> <!-- orderByPickUpCancelButtonTest_C25664 -->
        <test-method status="PASS" signature="closeSession()[pri:0, instance:com.YouMagicPro.LKA_tests.OrderByPickUpCancelButtonTest@14ddf6a1]" name="closeSession" is-config="true" duration-ms="2" started-at="2012-11-13T16:12:13Z" finished-at="2012-11-13T16:12:13Z">
          <reporter-output>
          </reporter-output>
        </test-method> <!-- closeSession -->
      </class> <!-- com.YouMagicPro.LKA_tests.OrderByPickUpCancelButtonTest -->
      <class name="com.YouMagicPro.LKA_tests.ContractInnSymbolsInTextFieldTest">
        <test-method status="PASS" signature="startWebDriver()[pri:0, instance:com.YouMagicPro.LKA_tests.ContractInnSymbolsInTextFieldTest@599a4de1]" name="startWebDriver" is-config="true" duration-ms="1195" started-at="2012-11-13T16:01:33Z" finished-at="2012-11-13T16:01:34Z">
          <reporter-output>
          </reporter-output>
        </test-method> <!-- startWebDriver -->
        <test-method status="PASS" signature="contractInnLettersInTextFieldTest_C15030()[pri:0, instance:com.YouMagicPro.LKA_tests.ContractInnSymbolsInTextFieldTest@599a4de1]" name="contractInnLettersInTextFieldTest_C15030" duration-ms="193587" started-at="2012-11-13T16:01:34Z" finished-at="2012-11-13T16:04:48Z">
          <reporter-output>
          </reporter-output>
        </test-method> <!-- contractInnLettersInTextFieldTest_C15030 -->
        <test-method status="PASS" signature="closeSession()[pri:0, instance:com.YouMagicPro.LKA_tests.ContractInnSymbolsInTextFieldTest@599a4de1]" name="closeSession" is-config="true" duration-ms="2" started-at="2012-11-13T16:04:48Z" finished-at="2012-11-13T16:04:48Z">
          <reporter-output>
          </reporter-output>
        </test-method> <!-- closeSession -->
      </class> <!-- com.YouMagicPro.LKA_tests.ContractInnSymbolsInTextFieldTest -->
      <class name="com.YouMagicPro.LKA_tests.ContractCorAccount19NumbersTest">
        <test-method status="PASS" signature="startWebDriver()[pri:0, instance:com.YouMagicPro.LKA_tests.ContractCorAccount19NumbersTest@32b4376e]" name="startWebDriver" is-config="true" duration-ms="659" started-at="2012-11-13T15:19:34Z" finished-at="2012-11-13T15:19:35Z">
          <reporter-output>
          </reporter-output>
        </test-method> <!-- startWebDriver -->
        <test-method status="PASS" signature="contractCorAccount19NumbersTest_C15005()[pri:0, instance:com.YouMagicPro.LKA_tests.ContractCorAccount19NumbersTest@32b4376e]" name="contractCorAccount19NumbersTest_C15005" duration-ms="128144" started-at="2012-11-13T15:19:35Z" finished-at="2012-11-13T15:21:43Z">
          <reporter-output>
          </reporter-output>
        </test-method> <!-- contractCorAccount19NumbersTest_C15005 -->
        <test-method status="PASS" signature="closeSession()[pri:0, instance:com.YouMagicPro.LKA_tests.ContractCorAccount19NumbersTest@32b4376e]" name="closeSession" is-config="true" duration-ms="2" started-at="2012-11-13T15:21:43Z" finished-at="2012-11-13T15:21:43Z">
          <reporter-output>
          </reporter-output>
        </test-method> <!-- closeSession -->
      </class> <!-- com.YouMagicPro.LKA_tests.ContractCorAccount19NumbersTest -->
      <class name="com.YouMagicPro.LKA_tests.ContractCorAccountOneInTextFieldTest">
        <test-method status="PASS" signature="startWebDriver()[pri:0, instance:com.YouMagicPro.LKA_tests.ContractCorAccountOneInTextFieldTest@2ebaa4a4]" name="startWebDriver" is-config="true" duration-ms="1230" started-at="2012-11-13T15:37:16Z" finished-at="2012-11-13T15:37:17Z">
          <reporter-output>
          </reporter-output>
        </test-method> <!-- startWebDriver -->
        <test-method status="PASS" signature="contractCorAccountOneInTextFieldTest_C14499()[pri:0, instance:com.YouMagicPro.LKA_tests.ContractCorAccountOneInTextFieldTest@2ebaa4a4]" name="contractCorAccountOneInTextFieldTest_C14499" duration-ms="73974" started-at="2012-11-13T15:37:17Z" finished-at="2012-11-13T15:38:31Z">
          <reporter-output>
          </reporter-output>
        </test-method> <!-- contractCorAccountOneInTextFieldTest_C14499 -->
        <test-method status="PASS" signature="closeSession()[pri:0, instance:com.YouMagicPro.LKA_tests.ContractCorAccountOneInTextFieldTest@2ebaa4a4]" name="closeSession" is-config="true" duration-ms="2" started-at="2012-11-13T15:38:31Z" finished-at="2012-11-13T15:38:31Z">
          <reporter-output>
          </reporter-output>
        </test-method> <!-- closeSession -->
      </class> <!-- com.YouMagicPro.LKA_tests.ContractCorAccountOneInTextFieldTest -->
    </test> <!-- com.YouMagicPro.LKA_tests -->
  </suite> <!-- com.YouMagicPro.LKA_tests -->
</testng-results>
