-------------------------------------------------------------------------------
Test set: TestSuite
-------------------------------------------------------------------------------
Tests run: 62, Failures: 6, Errors: 0, Skipped: 0, Time elapsed: 4,183.694 sec <<< FAILURE!
buying804NumberCategoriesOfNumbers_C25622(com.YouMagicPro.LKA_tests.Buying804NumberCategoriesOfNumbers)  Time elapsed: 64.921 sec  <<< FAILURE!
org.openqa.selenium.WebDriverException: Element is not clickable at point (555, 381). Other element would receive the click: <img id="1" class="slideimage" src="/sites/all/modules/contrib/umagicpro_instructions/images/home.png" data-title="Благодарим вас за выбор YouMagic.Pro!"> (WARNING: The server did not provide any stacktrace information)
Command duration or timeout: 32 milliseconds
Build info: version: '2.26.0', revision: '18040', time: '2012-11-02 09:44:45'
System info: os.name: 'Windows 7', os.arch: 'amd64', os.version: '6.1', java.version: '1.7.0_05'
Driver info: driver.version: RemoteWebDriver
Session ID: 6752d5fad075b76405e9a4ba98709f8e
	at sun.reflect.NativeConstructorAccessorImpl.newInstance0(Native Method)
	at sun.reflect.NativeConstructorAccessorImpl.newInstance(NativeConstructorAccessorImpl.java:57)
	at sun.reflect.DelegatingConstructorAccessorImpl.newInstance(DelegatingConstructorAccessorImpl.java:45)
	at java.lang.reflect.Constructor.newInstance(Constructor.java:525)
	at org.openqa.selenium.remote.ErrorHandler.createThrowable(ErrorHandler.java:188)
	at org.openqa.selenium.remote.ErrorHandler.throwIfResponseFailed(ErrorHandler.java:145)
	at org.openqa.selenium.remote.RemoteWebDriver.execute(RemoteWebDriver.java:531)
	at org.openqa.selenium.remote.RemoteWebElement.execute(RemoteWebElement.java:246)
	at org.openqa.selenium.remote.RemoteWebElement.click(RemoteWebElement.java:79)
	at com.YouMagicPro.LKA_tests.TestBase.waitAdminPageToLoad(TestBase.java:111)
	at com.YouMagicPro.LKA_tests.Buying804NumberCategoriesOfNumbers.buying804NumberCategoriesOfNumbers_C25622(Buying804NumberCategoriesOfNumbers.java:11)

contractCorAccountLettersInTextFieldTest_C15001(com.YouMagicPro.LKA_tests.ContractCorAccountLettersInTextFieldTest)  Time elapsed: 399.341 sec  <<< FAILURE!
org.openqa.selenium.WebDriverException: Element is not clickable at point (868.5, 44). Other element would receive the click: <div class="sl_head">...</div> (WARNING: The server did not provide any stacktrace information)
Command duration or timeout: 79 milliseconds
Build info: version: '2.26.0', revision: '18040', time: '2012-11-02 09:44:45'
System info: os.name: 'Windows 7', os.arch: 'amd64', os.version: '6.1', java.version: '1.7.0_05'
Driver info: driver.version: RemoteWebDriver
Session ID: 6dd90c403e997a1b72541fefc6729aeb
	at sun.reflect.NativeConstructorAccessorImpl.newInstance0(Native Method)
	at sun.reflect.NativeConstructorAccessorImpl.newInstance(NativeConstructorAccessorImpl.java:57)
	at sun.reflect.DelegatingConstructorAccessorImpl.newInstance(DelegatingConstructorAccessorImpl.java:45)
	at java.lang.reflect.Constructor.newInstance(Constructor.java:525)
	at org.openqa.selenium.remote.ErrorHandler.createThrowable(ErrorHandler.java:188)
	at org.openqa.selenium.remote.ErrorHandler.throwIfResponseFailed(ErrorHandler.java:145)
	at org.openqa.selenium.remote.RemoteWebDriver.execute(RemoteWebDriver.java:531)
	at org.openqa.selenium.remote.RemoteWebElement.execute(RemoteWebElement.java:246)
	at org.openqa.selenium.remote.RemoteWebElement.click(RemoteWebElement.java:79)
	at com.YouMagicPro.LKA_tests.TestBase.waitContractPageToLoad(TestBase.java:137)
	at com.YouMagicPro.LKA_tests.ContractCorAccountLettersInTextFieldTest.contractCorAccountLettersInTextFieldTest_C15001(ContractCorAccountLettersInTextFieldTest.java:8)

contractCorAccountSymbolsInTextFieldTest_C15003(com.YouMagicPro.LKA_tests.ContractCorAccountSymbolsInTextFieldTest)  Time elapsed: 19.344 sec  <<< FAILURE!
org.openqa.selenium.WebDriverException: Element is not clickable at point (750.5, 645.5). Other element would receive the click: <div id="instructionBackdrop" style="z-index: 1110; position: absolute; left: 0px; margin: 0px; background-color: rgb(255, 255, 255); opacity: 0.55; top: 0px; height: 2510px; width: 977px; background-position: initial initial; background-repeat: initial initial;"></div> (WARNING: The server did not provide any stacktrace information)
Command duration or timeout: 47 milliseconds
Build info: version: '2.26.0', revision: '18040', time: '2012-11-02 09:44:45'
System info: os.name: 'Windows 7', os.arch: 'amd64', os.version: '6.1', java.version: '1.7.0_05'
Driver info: driver.version: RemoteWebDriver
Session ID: 053d130924a2ef8cf5d8e23415fd3f59
	at sun.reflect.NativeConstructorAccessorImpl.newInstance0(Native Method)
	at sun.reflect.NativeConstructorAccessorImpl.newInstance(NativeConstructorAccessorImpl.java:57)
	at sun.reflect.DelegatingConstructorAccessorImpl.newInstance(DelegatingConstructorAccessorImpl.java:45)
	at java.lang.reflect.Constructor.newInstance(Constructor.java:525)
	at org.openqa.selenium.remote.ErrorHandler.createThrowable(ErrorHandler.java:188)
	at org.openqa.selenium.remote.ErrorHandler.throwIfResponseFailed(ErrorHandler.java:145)
	at org.openqa.selenium.remote.RemoteWebDriver.execute(RemoteWebDriver.java:531)
	at org.openqa.selenium.remote.RemoteWebElement.execute(RemoteWebElement.java:246)
	at org.openqa.selenium.remote.RemoteWebElement.click(RemoteWebElement.java:79)
	at com.YouMagicPro.LKA_tests.TestBase.sendKeysAndAssert_cor(TestBase.java:67)
	at com.YouMagicPro.LKA_tests.ContractCorAccountSymbolsInTextFieldTest.contractCorAccountSymbolsInTextFieldTest_C15003(ContractCorAccountSymbolsInTextFieldTest.java:10)

contractInnOneInTextFieldTest_C15028(com.YouMagicPro.LKA_tests.ContractInnOneInTextFieldTest)  Time elapsed: 458.767 sec  <<< FAILURE!
org.openqa.selenium.WebDriverException: Element is not clickable at point (555, 381). Other element would receive the click: <img id="1" class="slideimage" src="/sites/all/modules/contrib/umagicpro_instructions/images/home.png" data-title="Благодарим вас за выбор YouMagic.Pro!"> (WARNING: The server did not provide any stacktrace information)
Command duration or timeout: 33 milliseconds
Build info: version: '2.26.0', revision: '18040', time: '2012-11-02 09:44:45'
System info: os.name: 'Windows 7', os.arch: 'amd64', os.version: '6.1', java.version: '1.7.0_05'
Driver info: driver.version: RemoteWebDriver
Session ID: aab41033625dc2508e332250dcfabb57
	at sun.reflect.NativeConstructorAccessorImpl.newInstance0(Native Method)
	at sun.reflect.NativeConstructorAccessorImpl.newInstance(NativeConstructorAccessorImpl.java:57)
	at sun.reflect.DelegatingConstructorAccessorImpl.newInstance(DelegatingConstructorAccessorImpl.java:45)
	at java.lang.reflect.Constructor.newInstance(Constructor.java:525)
	at org.openqa.selenium.remote.ErrorHandler.createThrowable(ErrorHandler.java:188)
	at org.openqa.selenium.remote.ErrorHandler.throwIfResponseFailed(ErrorHandler.java:145)
	at org.openqa.selenium.remote.RemoteWebDriver.execute(RemoteWebDriver.java:531)
	at org.openqa.selenium.remote.RemoteWebElement.execute(RemoteWebElement.java:246)
	at org.openqa.selenium.remote.RemoteWebElement.click(RemoteWebElement.java:79)
	at com.YouMagicPro.LKA_tests.TestBase.waitContractPageToLoad(TestBase.java:138)
	at com.YouMagicPro.LKA_tests.ContractInnOneInTextFieldTest.contractInnOneInTextFieldTest_C15028(ContractInnOneInTextFieldTest.java:8)

groupsTest(com.YouMagicPro.LKA_tests.GroupsOneInNumberTest)  Time elapsed: 14.812 sec  <<< FAILURE!
org.openqa.selenium.WebDriverException: Element is not clickable at point (118.5, 428). Other element would receive the click: <img id="1" class="slideimage" src="/sites/all/modules/contrib/umagicpro_instructions/images/home.png" data-title="Благодарим вас за выбор YouMagic.Pro!"> (WARNING: The server did not provide any stacktrace information)
Command duration or timeout: 29 milliseconds
Build info: version: '2.26.0', revision: '18040', time: '2012-11-02 09:44:45'
System info: os.name: 'Windows 7', os.arch: 'amd64', os.version: '6.1', java.version: '1.7.0_05'
Driver info: driver.version: RemoteWebDriver
Session ID: 460f878ee1baea9663f9ca6cf8170f91
	at sun.reflect.NativeConstructorAccessorImpl.newInstance0(Native Method)
	at sun.reflect.NativeConstructorAccessorImpl.newInstance(NativeConstructorAccessorImpl.java:57)
	at sun.reflect.DelegatingConstructorAccessorImpl.newInstance(DelegatingConstructorAccessorImpl.java:45)
	at java.lang.reflect.Constructor.newInstance(Constructor.java:525)
	at org.openqa.selenium.remote.ErrorHandler.createThrowable(ErrorHandler.java:188)
	at org.openqa.selenium.remote.ErrorHandler.throwIfResponseFailed(ErrorHandler.java:145)
	at org.openqa.selenium.remote.RemoteWebDriver.execute(RemoteWebDriver.java:531)
	at org.openqa.selenium.remote.RemoteWebElement.execute(RemoteWebElement.java:246)
	at org.openqa.selenium.remote.RemoteWebElement.click(RemoteWebElement.java:79)
	at com.YouMagicPro.LKA_tests.GroupsOneInNumberTest.groupsTest(GroupsOneInNumberTest.java:16)

groupsThreeInNumberTest_C15189(com.YouMagicPro.LKA_tests.GroupsThreeInNumberTest)  Time elapsed: 9.032 sec  <<< FAILURE!
org.openqa.selenium.WebDriverException: Element is not clickable at point (555, 381). Other element would receive the click: <img id="1" class="slideimage" src="/sites/all/modules/contrib/umagicpro_instructions/images/home.png" data-title="Благодарим вас за выбор YouMagic.Pro!"> (WARNING: The server did not provide any stacktrace information)
Command duration or timeout: 30 milliseconds
Build info: version: '2.26.0', revision: '18040', time: '2012-11-02 09:44:45'
System info: os.name: 'Windows 7', os.arch: 'amd64', os.version: '6.1', java.version: '1.7.0_05'
Driver info: driver.version: RemoteWebDriver
Session ID: 5773a3f3b8f3eb48ee45d9f6f4314d5a
	at sun.reflect.NativeConstructorAccessorImpl.newInstance0(Native Method)
	at sun.reflect.NativeConstructorAccessorImpl.newInstance(NativeConstructorAccessorImpl.java:57)
	at sun.reflect.DelegatingConstructorAccessorImpl.newInstance(DelegatingConstructorAccessorImpl.java:45)
	at java.lang.reflect.Constructor.newInstance(Constructor.java:525)
	at org.openqa.selenium.remote.ErrorHandler.createThrowable(ErrorHandler.java:188)
	at org.openqa.selenium.remote.ErrorHandler.throwIfResponseFailed(ErrorHandler.java:145)
	at org.openqa.selenium.remote.RemoteWebDriver.execute(RemoteWebDriver.java:531)
	at org.openqa.selenium.remote.RemoteWebElement.execute(RemoteWebElement.java:246)
	at org.openqa.selenium.remote.RemoteWebElement.click(RemoteWebElement.java:79)
	at com.YouMagicPro.LKA_tests.TestBase.waitAdminPageToLoad(TestBase.java:111)
	at com.YouMagicPro.LKA_tests.GroupsThreeInNumberTest.groupsThreeInNumberTest_C15189(GroupsThreeInNumberTest.java:11)

