<?xml version="1.0" encoding="UTF-8"?>
<!-- Generated by org.testng.reporters.JUnitXMLReporter -->
<testsuite hostname="Z100107" name="com.LKA_tests" tests="72" failures="5" timestamp="15 Nov 2012 10:56:12 GMT" time="1544.006" errors="0">
  <testcase name="buying804NumberCategoriesOfNumbers_C25622" time="20.509" classname="com.YouMagicPro.LKA_tests.Buying804NumberCategoriesOfNumbers"/>
  <testcase name="voiceMenuAddTest_C15292" time="20.955" classname="com.YouMagicPro.LKA_tests.VoiceMenuAddTest"/>
  <testcase name="buying804NumberCostOfNumberTest_C25623" time="16.522" classname="com.YouMagicPro.LKA_tests.Buying804NumberCostOfNumberTest"/>
  <testcase name="voiceMailChooseSoundTest_C15294" time="23.097" classname="com.YouMagicPro.LKA_tests.VoiceMenuChooseSoundTest"/>
  <testcase name="buyingAdditionalInternalNumberCheckCost_C15113" time="12.981" classname="com.YouMagicPro.LKA_tests.BuyingAdditionalInternalNumberCheckCost"/>
  <testcase name="voiceMailEmptyNameTextFieldTest_C19851" time="20.598" classname="com.YouMagicPro.LKA_tests.VoiceMenuEmptyNameTextFieldTest"/>
  <testcase name="buyingAdditionalInternalNumberTextFieldTest_C15112" time="11.318" classname="com.YouMagicPro.LKA_tests.BuyingAdditionalInternalNumberTextFieldTest"/>
  <testcase name="voiceFillNAmeTextFieldTest_C15293" time="17.995" classname="com.YouMagicPro.LKA_tests.VoiceMenuFillNAmeTextFieldTest">
    <failure type="org.openqa.selenium.WebDriverException" message="Element is not clickable at point (932.5, 402). Other element would receive the click: &amp;lt;div id=&amp;quot;modalBackdrop&amp;quot; style=&amp;quot;z-index: 1000; position: absolute; left: 0px; margin: 0px; background-color: rgb(255, 255, 255); opacity: 0.5; top: 0px; height: 1210px; width: 1037px; background-position: initial initial; background-repeat: initial initial;&amp;quot;&amp;gt;&amp;lt;/div&amp;gt; (WARNING: The server did not provide any stacktrace information)
Command duration or timeout: 35 milliseconds
Build info: version: &amp;apos;2.26.0&amp;apos;, revision: &amp;apos;18040&amp;apos;, time: &amp;apos;2012-11-02 09:44:45&amp;apos;
System info: os.name: &amp;apos;Windows 7&amp;apos;, os.arch: &amp;apos;amd64&amp;apos;, os.version: &amp;apos;6.1&amp;apos;, java.version: &amp;apos;1.7.0_05&amp;apos;
Driver info: driver.version: RemoteWebDriver
Session ID: 66af44d1f76fea3d33fdcb5376fba0c2">
      <![CDATA[org.openqa.selenium.WebDriverException: Element is not clickable at point (932.5, 402). Other element would receive the click: <div id="modalBackdrop" style="z-index: 1000; position: absolute; left: 0px; margin: 0px; background-color: rgb(255, 255, 255); opacity: 0.5; top: 0px; height: 1210px; width: 1037px; background-position: initial initial; background-repeat: initial initial;"></div> (WARNING: The server did not provide any stacktrace information)
Command duration or timeout: 35 milliseconds
Build info: version: '2.26.0', revision: '18040', time: '2012-11-02 09:44:45'
System info: os.name: 'Windows 7', os.arch: 'amd64', os.version: '6.1', java.version: '1.7.0_05'
Driver info: driver.version: RemoteWebDriver
Session ID: 66af44d1f76fea3d33fdcb5376fba0c2
	at sun.reflect.NativeConstructorAccessorImpl.newInstance0(Native Method)
	at sun.reflect.NativeConstructorAccessorImpl.newInstance(NativeConstructorAccessorImpl.java:57)
	at sun.reflect.DelegatingConstructorAccessorImpl.newInstance(DelegatingConstructorAccessorImpl.java:45)
	at java.lang.reflect.Constructor.newInstance(Constructor.java:525)
	at org.openqa.selenium.remote.ErrorHandler.createThrowable(ErrorHandler.java:188)
	at org.openqa.selenium.remote.ErrorHandler.throwIfResponseFailed(ErrorHandler.java:145)
	at org.openqa.selenium.remote.RemoteWebDriver.execute(RemoteWebDriver.java:531)
	at org.openqa.selenium.remote.RemoteWebElement.execute(RemoteWebElement.java:246)
	at org.openqa.selenium.remote.RemoteWebElement.click(RemoteWebElement.java:79)
	at com.YouMagicPro.LKA_tests.VoiceMenuFillNAmeTextFieldTest.voiceFillNAmeTextFieldTest_C15293(VoiceMenuFillNAmeTextFieldTest.java:27)
	at sun.reflect.NativeMethodAccessorImpl.invoke0(Native Method)
	at sun.reflect.NativeMethodAccessorImpl.invoke(NativeMethodAccessorImpl.java:57)
	at sun.reflect.DelegatingMethodAccessorImpl.invoke(DelegatingMethodAccessorImpl.java:43)
	at java.lang.reflect.Method.invoke(Method.java:601)
	at org.testng.internal.MethodInvocationHelper.invokeMethod(MethodInvocationHelper.java:80)
	at org.testng.internal.Invoker.invokeMethod(Invoker.java:714)
	at org.testng.internal.Invoker.invokeTestMethod(Invoker.java:901)
	at org.testng.internal.Invoker.invokeTestMethods(Invoker.java:1231)
	at org.testng.internal.TestMethodWorker.invokeTestMethods(TestMethodWorker.java:127)
	at org.testng.internal.TestMethodWorker.run(TestMethodWorker.java:111)
	at org.testng.TestRunner.privateRun(TestRunner.java:767)
	at org.testng.TestRunner.run(TestRunner.java:617)
	at org.testng.SuiteRunner.runTest(SuiteRunner.java:334)
	at org.testng.SuiteRunner.runSequentially(SuiteRunner.java:329)
	at org.testng.SuiteRunner.privateRun(SuiteRunner.java:291)
	at org.testng.SuiteRunner.run(SuiteRunner.java:240)
	at org.testng.SuiteRunnerWorker.runSuite(SuiteRunnerWorker.java:52)
	at org.testng.SuiteRunnerWorker.run(SuiteRunnerWorker.java:86)
	at org.testng.TestNG.runSuitesSequentially(TestNG.java:1198)
	at org.testng.TestNG.runSuitesLocally(TestNG.java:1123)
	at org.testng.TestNG.run(TestNG.java:1031)
	at org.apache.maven.surefire.testng.TestNGExecutor.run(TestNGExecutor.java:122)
	at org.apache.maven.surefire.testng.TestNGXmlTestSuite.execute(TestNGXmlTestSuite.java:88)
	at org.apache.maven.surefire.testng.TestNGProvider.invoke(TestNGProvider.java:104)
	at sun.reflect.NativeMethodAccessorImpl.invoke0(Native Method)
	at sun.reflect.NativeMethodAccessorImpl.invoke(NativeMethodAccessorImpl.java:57)
	at sun.reflect.DelegatingMethodAccessorImpl.invoke(DelegatingMethodAccessorImpl.java:43)
	at java.lang.reflect.Method.invoke(Method.java:601)
	at org.apache.maven.surefire.booter.ProviderFactory$ClassLoaderProxy.invoke(ProviderFactory.java:103)
	at $Proxy0.invoke(Unknown Source)
	at org.apache.maven.surefire.booter.SurefireStarter.invokeProvider(SurefireStarter.java:150)
	at org.apache.maven.surefire.booter.SurefireStarter.runSuitesInProcess(SurefireStarter.java:91)
	at org.apache.maven.surefire.booter.ForkedBooter.main(ForkedBooter.java:69)
]]>
    </failure>
  </testcase> <!-- voiceFillNAmeTextFieldTest_C15293 -->
  <testcase name="buyingAdditionalNumberChooseCityFromList_C15103" time="16.077" classname="com.YouMagicPro.LKA_tests.BuyingAdditionalNumberChooseCityFromList"/>
  <testcase name="BuyingAdditionalNumberChooseNumberCategories_C15105" time="16.365" classname="com.YouMagicPro.LKA_tests.BuyingAdditionalNumberChooseNumberCategories"/>
  <testcase name="BuyingAdditionalNumberChooseNumbersFromList_C15106" time="17.289" classname="com.YouMagicPro.LKA_tests.BuyingAdditionalNumberChooseNumbersFromList"/>
  <testcase name="contractBankAccountLettersAndNumbersTest_C14496" time="23.496" classname="com.YouMagicPro.LKA_tests.ContractBankAccountLettersAndNumbersTest"/>
  <testcase name="contractBankAccountLettersInTextFieldTest_C14995" time="22.117" classname="com.YouMagicPro.LKA_tests.ContractBankAccountLettersInTextFieldTest"/>
  <testcase name="contractBankAccountOneInTextFieldTest_C14993" time="26.413" classname="com.YouMagicPro.LKA_tests.ContractBankAccountOneInTextFieldTest"/>
  <testcase name="contractBankAccountSymbolsInTextFieldTest_C14997" time="24.822" classname="com.YouMagicPro.LKA_tests.ContractBankAccountSymbolsInTextFieldTest"/>
  <testcase name="contractBankAccountTenInTextFieldTest_C14994" time="22.363" classname="com.YouMagicPro.LKA_tests.ContractBankAccountTenInTextFieldTest"/>
  <testcase name="contractBikTest1inTextField_C15022" time="26.013" classname="com.YouMagicPro.LKA_tests.ContractBik1inTextFieldTest"/>
  <testcase name="contractBikTest_C15025" time="28.507" classname="com.YouMagicPro.LKA_tests.ContractBikLettersAndNumbersInTextFieldTest"/>
  <testcase name="contractBikTestLettersInTextField_C15023" time="21.448" classname="com.YouMagicPro.LKA_tests.ContractBikLettersInTextFieldTest"/>
  <testcase name="contractBikSymbolsInTextFieldTest_C15026" time="23.43" classname="com.YouMagicPro.LKA_tests.ContractBikSymbolsInTextFieldTest"/>
  <testcase name="contractCheckDocumentTest_C14986" time="18.952" classname="com.YouMagicPro.LKA_tests.ContractCheckDocumentTest"/>
  <testcase name="contractCorAccount19NumbersTest_C15005" time="23.033" classname="com.YouMagicPro.LKA_tests.ContractCorAccount19NumbersTest"/>
  <testcase name="contractCorAccountTenInTextFieldTest_C15000" time="20.833" classname="com.YouMagicPro.LKA_tests.ContractCorAccountLettersAndNumbersTextFieldTest"/>
  <testcase name="contractCorAccountLettersInTextFieldTest_C15001" time="21.149" classname="com.YouMagicPro.LKA_tests.ContractCorAccountLettersInTextFieldTest"/>
  <testcase name="contractCorAccountOneInTextFieldTest_C14499" time="21.449" classname="com.YouMagicPro.LKA_tests.ContractCorAccountOneInTextFieldTest"/>
  <testcase name="contractCorAccountSymbolsInTextFieldTest_C15003" time="27.583" classname="com.YouMagicPro.LKA_tests.ContractCorAccountSymbolsInTextFieldTest"/>
  <testcase name="contractCorAccountTenInTextFieldTest_C15000" time="23.064" classname="com.YouMagicPro.LKA_tests.ContractCorAccountTenInTextFieldTest"/>
  <testcase name="contractEndOfPageDataTest_C15062" time="30.208" classname="com.YouMagicPro.LKA_tests.ContractEndOfPageDataTest"/>
  <testcase name="fillInContractDataTest" time="29.16" classname="com.YouMagicPro.LKA_tests.ContractFillInDataTest"/>
  <testcase name="contractInn6NumbersInTextFieldTest_C15029" time="19.613" classname="com.YouMagicPro.LKA_tests.ContractInn6NumbersInTextFieldTest"/>
  <testcase name="contractInnChooseForm_C15047" time="39.492" classname="com.YouMagicPro.LKA_tests.ContractInnChooseFormTest"/>
  <testcase name="contractInnLettersInTextFieldTest_C15030" time="22.554" classname="com.YouMagicPro.LKA_tests.ContractInnLettersInTextFieldTest"/>
  <testcase name="contractInnOneInTextFieldTest_C15028" time="24.019" classname="com.YouMagicPro.LKA_tests.ContractInnOneInTextFieldTest"/>
  <testcase name="contractInnLettersInTextFieldTest_C15030" time="22.28" classname="com.YouMagicPro.LKA_tests.ContractInnSymbolsInTextFieldTest"/>
  <testcase name="contractKppTest_C15049" time="22.018" classname="com.YouMagicPro.LKA_tests.ContractKpp6NumbersInTextFieldTest"/>
  <testcase name="contractKppTest_C15054" time="21.688" classname="com.YouMagicPro.LKA_tests.ContractKppLettersAndNumbersTest"/>
  <testcase name="contractKppTest_C15050" time="21.063" classname="com.YouMagicPro.LKA_tests.ContractKppLettersTest"/>
  <testcase name="contractKppTest_C15048" time="20.458" classname="com.YouMagicPro.LKA_tests.ContractKppOneNumberInTextFieldTest">
    <failure type="org.openqa.selenium.WebDriverException" message="Element is not clickable at point (868.5, 44). Other element would receive the click: &amp;lt;div class=&amp;quot;sl_head&amp;quot;&amp;gt;...&amp;lt;/div&amp;gt; (WARNING: The server did not provide any stacktrace information)
Command duration or timeout: 72 milliseconds
Build info: version: &amp;apos;2.26.0&amp;apos;, revision: &amp;apos;18040&amp;apos;, time: &amp;apos;2012-11-02 09:44:45&amp;apos;
System info: os.name: &amp;apos;Windows 7&amp;apos;, os.arch: &amp;apos;amd64&amp;apos;, os.version: &amp;apos;6.1&amp;apos;, java.version: &amp;apos;1.7.0_05&amp;apos;
Driver info: driver.version: RemoteWebDriver
Session ID: aad18504f841e796c87ef33b5539159b">
      <![CDATA[org.openqa.selenium.WebDriverException: Element is not clickable at point (868.5, 44). Other element would receive the click: <div class="sl_head">...</div> (WARNING: The server did not provide any stacktrace information)
Command duration or timeout: 72 milliseconds
Build info: version: '2.26.0', revision: '18040', time: '2012-11-02 09:44:45'
System info: os.name: 'Windows 7', os.arch: 'amd64', os.version: '6.1', java.version: '1.7.0_05'
Driver info: driver.version: RemoteWebDriver
Session ID: aad18504f841e796c87ef33b5539159b
	at sun.reflect.NativeConstructorAccessorImpl.newInstance0(Native Method)
	at sun.reflect.NativeConstructorAccessorImpl.newInstance(NativeConstructorAccessorImpl.java:57)
	at sun.reflect.DelegatingConstructorAccessorImpl.newInstance(DelegatingConstructorAccessorImpl.java:45)
	at java.lang.reflect.Constructor.newInstance(Constructor.java:525)
	at org.openqa.selenium.remote.ErrorHandler.createThrowable(ErrorHandler.java:188)
	at org.openqa.selenium.remote.ErrorHandler.throwIfResponseFailed(ErrorHandler.java:145)
	at org.openqa.selenium.remote.RemoteWebDriver.execute(RemoteWebDriver.java:531)
	at org.openqa.selenium.remote.RemoteWebElement.execute(RemoteWebElement.java:246)
	at org.openqa.selenium.remote.RemoteWebElement.click(RemoteWebElement.java:79)
	at com.YouMagicPro.LKA_tests.TestBase.waitContractPageToLoad(TestBase.java:137)
	at com.YouMagicPro.LKA_tests.ContractKppOneNumberInTextFieldTest.contractKppTest_C15048(ContractKppOneNumberInTextFieldTest.java:11)
	at sun.reflect.NativeMethodAccessorImpl.invoke0(Native Method)
	at sun.reflect.NativeMethodAccessorImpl.invoke(NativeMethodAccessorImpl.java:57)
	at sun.reflect.DelegatingMethodAccessorImpl.invoke(DelegatingMethodAccessorImpl.java:43)
	at java.lang.reflect.Method.invoke(Method.java:601)
	at org.testng.internal.MethodInvocationHelper.invokeMethod(MethodInvocationHelper.java:80)
	at org.testng.internal.Invoker.invokeMethod(Invoker.java:714)
	at org.testng.internal.Invoker.invokeTestMethod(Invoker.java:901)
	at org.testng.internal.Invoker.invokeTestMethods(Invoker.java:1231)
	at org.testng.internal.TestMethodWorker.invokeTestMethods(TestMethodWorker.java:127)
	at org.testng.internal.TestMethodWorker.run(TestMethodWorker.java:111)
	at org.testng.TestRunner.privateRun(TestRunner.java:767)
	at org.testng.TestRunner.run(TestRunner.java:617)
	at org.testng.SuiteRunner.runTest(SuiteRunner.java:334)
	at org.testng.SuiteRunner.runSequentially(SuiteRunner.java:329)
	at org.testng.SuiteRunner.privateRun(SuiteRunner.java:291)
	at org.testng.SuiteRunner.run(SuiteRunner.java:240)
	at org.testng.SuiteRunnerWorker.runSuite(SuiteRunnerWorker.java:52)
	at org.testng.SuiteRunnerWorker.run(SuiteRunnerWorker.java:86)
	at org.testng.TestNG.runSuitesSequentially(TestNG.java:1198)
	at org.testng.TestNG.runSuitesLocally(TestNG.java:1123)
	at org.testng.TestNG.run(TestNG.java:1031)
	at org.apache.maven.surefire.testng.TestNGExecutor.run(TestNGExecutor.java:122)
	at org.apache.maven.surefire.testng.TestNGXmlTestSuite.execute(TestNGXmlTestSuite.java:88)
	at org.apache.maven.surefire.testng.TestNGProvider.invoke(TestNGProvider.java:104)
	at sun.reflect.NativeMethodAccessorImpl.invoke0(Native Method)
	at sun.reflect.NativeMethodAccessorImpl.invoke(NativeMethodAccessorImpl.java:57)
	at sun.reflect.DelegatingMethodAccessorImpl.invoke(DelegatingMethodAccessorImpl.java:43)
	at java.lang.reflect.Method.invoke(Method.java:601)
	at org.apache.maven.surefire.booter.ProviderFactory$ClassLoaderProxy.invoke(ProviderFactory.java:103)
	at $Proxy0.invoke(Unknown Source)
	at org.apache.maven.surefire.booter.SurefireStarter.invokeProvider(SurefireStarter.java:150)
	at org.apache.maven.surefire.booter.SurefireStarter.runSuitesInProcess(SurefireStarter.java:91)
	at org.apache.maven.surefire.booter.ForkedBooter.main(ForkedBooter.java:69)
]]>
    </failure>
  </testcase> <!-- contractKppTest_C15048 -->
  <testcase name="contractKppTest_C15051" time="21.871" classname="com.YouMagicPro.LKA_tests.ContractKppSymbolsTest"/>
  <testcase name="contractOgrn6NumbersInTextFieldTest_C15055" time="22.05" classname="com.YouMagicPro.LKA_tests.ContractOgrn6NumbersInTextFieldTest"/>
  <testcase name="contractOgrnLettersAndNumbersInTextFieldTest_C15057" time="22.484" classname="com.YouMagicPro.LKA_tests.ContractOgrnLettersAndNumbersInTextFieldTest"/>
  <testcase name="contractOgrnLettersInTextFieldTest_C15056" time="25.234" classname="com.YouMagicPro.LKA_tests.ContractOgrnLettersInTextFieldTest"/>
  <testcase name="contractOgrnOneNumberInTextFieldTest_C15053" time="20.746" classname="com.YouMagicPro.LKA_tests.ContractOgrnOneNumberInTextFieldTest"/>
  <testcase name="contractFillBankAccountTest" time="20.181" classname="com.YouMagicPro.LKA_tests.ContractOgrnSymbolsTest"/>
  <testcase name="expenseStructureTest" time="8.615" classname="com.YouMagicPro.LKA_tests.DiscSpaceTest"/>
  <testcase name="employeesEditProfileTest_C15253" time="21.054" classname="com.YouMagicPro.LKA_tests.EmployeesAddEmployeeTest"/>
  <testcase name="employeesCheckInfoTest_C15252" time="14.756" classname="com.YouMagicPro.LKA_tests.EmployeesCheckInfoTest"/>
  <testcase name="employeesEditProfileTest_C15253" time="19.528" classname="com.YouMagicPro.LKA_tests.EmployeesEditProfile2SymbolsInTextFieldTest"/>
  <testcase name="employeesEditProfile3SymbolsInTextFieldTest_C15256" time="19.739" classname="com.YouMagicPro.LKA_tests.EmployeesEditProfile3SymbolsInTextFieldTest"/>
  <testcase name="employeesEditProfileTest_C15253" time="20.61" classname="com.YouMagicPro.LKA_tests.EmployeesEditProfileFillInDataTest"/>
  <testcase name="employeesEditProfileTest_C15253" time="17.56" classname="com.YouMagicPro.LKA_tests.EmployeesEditProfileTest"/>
  <testcase name="expenseStructureAdditionalNumbersFeeTest_C15096" time="8.909" classname="com.YouMagicPro.LKA_tests.ExpenseStructureAdditionalNumbersFeeTest"/>
  <testcase name="expenseStructureChooseAdditionalNumbersTest_C15100" time="11.873" classname="com.YouMagicPro.LKA_tests.ExpenseStructureChooseAdditionalNumbersTest"/>
  <testcase name="expenseStructureChooseIntNumbersPageTest_C15102" time="15.977" classname="com.YouMagicPro.LKA_tests.ExpenseStructureChooseIntNumbersPageTest"/>
  <testcase name="expenseStructureInternalNumbersFeeTest_C15101" time="8.584" classname="com.YouMagicPro.LKA_tests.ExpenseStructureInternalNumbersFeeTest"/>
  <testcase name="expenseStructureRentalFeeTest_C15096" time="9.554" classname="com.YouMagicPro.LKA_tests.ExpenseStructureRentalFeeTest">
    <failure type="org.openqa.selenium.WebDriverException" message="Element is not clickable at point (555, 381). Other element would receive the click: &amp;lt;img id=&amp;quot;1&amp;quot; class=&amp;quot;slideimage&amp;quot; src=&amp;quot;/sites/all/modules/contrib/umagicpro_instructions/images/home.png&amp;quot; data-title=&amp;quot;Благодарим вас за выбор YouMagic.Pro!&amp;quot;&amp;gt; (WARNING: The server did not provide any stacktrace information)
Command duration or timeout: 31 milliseconds
Build info: version: &amp;apos;2.26.0&amp;apos;, revision: &amp;apos;18040&amp;apos;, time: &amp;apos;2012-11-02 09:44:45&amp;apos;
System info: os.name: &amp;apos;Windows 7&amp;apos;, os.arch: &amp;apos;amd64&amp;apos;, os.version: &amp;apos;6.1&amp;apos;, java.version: &amp;apos;1.7.0_05&amp;apos;
Driver info: driver.version: RemoteWebDriver
Session ID: a5b31ae88c69dfad0eadef8c5a7d3dc4">
      <![CDATA[org.openqa.selenium.WebDriverException: Element is not clickable at point (555, 381). Other element would receive the click: <img id="1" class="slideimage" src="/sites/all/modules/contrib/umagicpro_instructions/images/home.png" data-title="Благодарим вас за выбор YouMagic.Pro!"> (WARNING: The server did not provide any stacktrace information)
Command duration or timeout: 31 milliseconds
Build info: version: '2.26.0', revision: '18040', time: '2012-11-02 09:44:45'
System info: os.name: 'Windows 7', os.arch: 'amd64', os.version: '6.1', java.version: '1.7.0_05'
Driver info: driver.version: RemoteWebDriver
Session ID: a5b31ae88c69dfad0eadef8c5a7d3dc4
	at sun.reflect.NativeConstructorAccessorImpl.newInstance0(Native Method)
	at sun.reflect.NativeConstructorAccessorImpl.newInstance(NativeConstructorAccessorImpl.java:57)
	at sun.reflect.DelegatingConstructorAccessorImpl.newInstance(DelegatingConstructorAccessorImpl.java:45)
	at java.lang.reflect.Constructor.newInstance(Constructor.java:525)
	at org.openqa.selenium.remote.ErrorHandler.createThrowable(ErrorHandler.java:188)
	at org.openqa.selenium.remote.ErrorHandler.throwIfResponseFailed(ErrorHandler.java:145)
	at org.openqa.selenium.remote.RemoteWebDriver.execute(RemoteWebDriver.java:531)
	at org.openqa.selenium.remote.RemoteWebElement.execute(RemoteWebElement.java:246)
	at org.openqa.selenium.remote.RemoteWebElement.click(RemoteWebElement.java:79)
	at com.YouMagicPro.LKA_tests.TestBase.waitAdminPageToLoad(TestBase.java:111)
	at com.YouMagicPro.LKA_tests.ExpenseStructureRentalFeeTest.expenseStructureRentalFeeTest_C15096(ExpenseStructureRentalFeeTest.java:11)
	at sun.reflect.NativeMethodAccessorImpl.invoke0(Native Method)
	at sun.reflect.NativeMethodAccessorImpl.invoke(NativeMethodAccessorImpl.java:57)
	at sun.reflect.DelegatingMethodAccessorImpl.invoke(DelegatingMethodAccessorImpl.java:43)
	at java.lang.reflect.Method.invoke(Method.java:601)
	at org.testng.internal.MethodInvocationHelper.invokeMethod(MethodInvocationHelper.java:80)
	at org.testng.internal.Invoker.invokeMethod(Invoker.java:714)
	at org.testng.internal.Invoker.invokeTestMethod(Invoker.java:901)
	at org.testng.internal.Invoker.invokeTestMethods(Invoker.java:1231)
	at org.testng.internal.TestMethodWorker.invokeTestMethods(TestMethodWorker.java:127)
	at org.testng.internal.TestMethodWorker.run(TestMethodWorker.java:111)
	at org.testng.TestRunner.privateRun(TestRunner.java:767)
	at org.testng.TestRunner.run(TestRunner.java:617)
	at org.testng.SuiteRunner.runTest(SuiteRunner.java:334)
	at org.testng.SuiteRunner.runSequentially(SuiteRunner.java:329)
	at org.testng.SuiteRunner.privateRun(SuiteRunner.java:291)
	at org.testng.SuiteRunner.run(SuiteRunner.java:240)
	at org.testng.SuiteRunnerWorker.runSuite(SuiteRunnerWorker.java:52)
	at org.testng.SuiteRunnerWorker.run(SuiteRunnerWorker.java:86)
	at org.testng.TestNG.runSuitesSequentially(TestNG.java:1198)
	at org.testng.TestNG.runSuitesLocally(TestNG.java:1123)
	at org.testng.TestNG.run(TestNG.java:1031)
	at org.apache.maven.surefire.testng.TestNGExecutor.run(TestNGExecutor.java:122)
	at org.apache.maven.surefire.testng.TestNGXmlTestSuite.execute(TestNGXmlTestSuite.java:88)
	at org.apache.maven.surefire.testng.TestNGProvider.invoke(TestNGProvider.java:104)
	at sun.reflect.NativeMethodAccessorImpl.invoke0(Native Method)
	at sun.reflect.NativeMethodAccessorImpl.invoke(NativeMethodAccessorImpl.java:57)
	at sun.reflect.DelegatingMethodAccessorImpl.invoke(DelegatingMethodAccessorImpl.java:43)
	at java.lang.reflect.Method.invoke(Method.java:601)
	at org.apache.maven.surefire.booter.ProviderFactory$ClassLoaderProxy.invoke(ProviderFactory.java:103)
	at $Proxy0.invoke(Unknown Source)
	at org.apache.maven.surefire.booter.SurefireStarter.invokeProvider(SurefireStarter.java:150)
	at org.apache.maven.surefire.booter.SurefireStarter.runSuitesInProcess(SurefireStarter.java:91)
	at org.apache.maven.surefire.booter.ForkedBooter.main(ForkedBooter.java:69)
]]>
    </failure>
  </testcase> <!-- expenseStructureRentalFeeTest_C15096 -->
  <testcase name="orderByEmailCancelButtonTest_C15141" time="33.116" classname="com.YouMagicPro.LKA_tests.NotificationsCheckFieldsTest"/>
  <testcase name="orderByEmailCancelButtonTest_C15141" time="17.242" classname="com.YouMagicPro.LKA_tests.OrderByEmailCancelButtonTest"/>
  <testcase name="orderByEmailChangeEmailTest_C25653" time="18.273" classname="com.YouMagicPro.LKA_tests.OrderByEmailChangeEmailTest"/>
  <testcase name="orderByEmailChangeNameTest_C25671" time="18.11" classname="com.YouMagicPro.LKA_tests.OrderByEmailChangeNameTest"/>
  <testcase name="orderByEmailOrderWithoutDocTypeCheckedTest_C25656" time="19.033" classname="com.YouMagicPro.LKA_tests.OrderByEmailOrderWithoutDocTypeCheckedTest"/>
  <testcase name="orderByPickUpCancelButtonTest_C25664" time="17.182" classname="com.YouMagicPro.LKA_tests.OrderByPickUpCancelButtonTest"/>
  <testcase name="orderByPickUpChangeNameTest_C25668" time="16.837" classname="com.YouMagicPro.LKA_tests.OrderByPickUpChangeNameTest"/>
  <testcase name="OrderByPickUpChangePhoneTest_C25666" time="17.834" classname="com.YouMagicPro.LKA_tests.OrderByPickUpChangePhoneTest"/>
  <testcase name="orderByPickUpOrderWithoutDocTypeCheckedTest_C25663" time="21.128" classname="com.YouMagicPro.LKA_tests.OrderByPickUpOrderWithoutDocTypeCheckedTest"/>
  <testcase name="expenseStructureTest" time="17.847" classname="com.YouMagicPro.LKA_tests.OrderDeliveryOfContractCancelButtonTest"/>
  <testcase name="expenseStructureTest" time="17.331" classname="com.YouMagicPro.LKA_tests.OrderDeliveryOfContractDropdownListTest"/>
  <testcase name="orderToAdressCancelButtonClickTest_C25675" time="17.839" classname="com.YouMagicPro.LKA_tests.OrderToAdressCancelButtonClickTest"/>
  <testcase name="orderToAdressChangeNameTest_C25672" time="14.703" classname="com.YouMagicPro.LKA_tests.OrderToAdressChangeNameTest">
    <failure type="org.openqa.selenium.WebDriverException" message="Element is not clickable at point (84.5, 642) (WARNING: The server did not provide any stacktrace information)
Command duration or timeout: 41 milliseconds
Build info: version: &amp;apos;2.26.0&amp;apos;, revision: &amp;apos;18040&amp;apos;, time: &amp;apos;2012-11-02 09:44:45&amp;apos;
System info: os.name: &amp;apos;Windows 7&amp;apos;, os.arch: &amp;apos;amd64&amp;apos;, os.version: &amp;apos;6.1&amp;apos;, java.version: &amp;apos;1.7.0_05&amp;apos;
Driver info: driver.version: RemoteWebDriver
Session ID: 38c3b9e3e92f77d48de79d18987a97de">
      <![CDATA[org.openqa.selenium.WebDriverException: Element is not clickable at point (84.5, 642) (WARNING: The server did not provide any stacktrace information)
Command duration or timeout: 41 milliseconds
Build info: version: '2.26.0', revision: '18040', time: '2012-11-02 09:44:45'
System info: os.name: 'Windows 7', os.arch: 'amd64', os.version: '6.1', java.version: '1.7.0_05'
Driver info: driver.version: RemoteWebDriver
Session ID: 38c3b9e3e92f77d48de79d18987a97de
	at sun.reflect.NativeConstructorAccessorImpl.newInstance0(Native Method)
	at sun.reflect.NativeConstructorAccessorImpl.newInstance(NativeConstructorAccessorImpl.java:57)
	at sun.reflect.DelegatingConstructorAccessorImpl.newInstance(DelegatingConstructorAccessorImpl.java:45)
	at java.lang.reflect.Constructor.newInstance(Constructor.java:525)
	at org.openqa.selenium.remote.ErrorHandler.createThrowable(ErrorHandler.java:188)
	at org.openqa.selenium.remote.ErrorHandler.throwIfResponseFailed(ErrorHandler.java:145)
	at org.openqa.selenium.remote.RemoteWebDriver.execute(RemoteWebDriver.java:531)
	at org.openqa.selenium.remote.RemoteWebElement.execute(RemoteWebElement.java:246)
	at org.openqa.selenium.remote.RemoteWebElement.click(RemoteWebElement.java:79)
	at com.YouMagicPro.LKA_tests.OrderToAdressChangeNameTest.orderToAdressChangeNameTest_C25672(OrderToAdressChangeNameTest.java:13)
	at sun.reflect.NativeMethodAccessorImpl.invoke0(Native Method)
	at sun.reflect.NativeMethodAccessorImpl.invoke(NativeMethodAccessorImpl.java:57)
	at sun.reflect.DelegatingMethodAccessorImpl.invoke(DelegatingMethodAccessorImpl.java:43)
	at java.lang.reflect.Method.invoke(Method.java:601)
	at org.testng.internal.MethodInvocationHelper.invokeMethod(MethodInvocationHelper.java:80)
	at org.testng.internal.Invoker.invokeMethod(Invoker.java:714)
	at org.testng.internal.Invoker.invokeTestMethod(Invoker.java:901)
	at org.testng.internal.Invoker.invokeTestMethods(Invoker.java:1231)
	at org.testng.internal.TestMethodWorker.invokeTestMethods(TestMethodWorker.java:127)
	at org.testng.internal.TestMethodWorker.run(TestMethodWorker.java:111)
	at org.testng.TestRunner.privateRun(TestRunner.java:767)
	at org.testng.TestRunner.run(TestRunner.java:617)
	at org.testng.SuiteRunner.runTest(SuiteRunner.java:334)
	at org.testng.SuiteRunner.runSequentially(SuiteRunner.java:329)
	at org.testng.SuiteRunner.privateRun(SuiteRunner.java:291)
	at org.testng.SuiteRunner.run(SuiteRunner.java:240)
	at org.testng.SuiteRunnerWorker.runSuite(SuiteRunnerWorker.java:52)
	at org.testng.SuiteRunnerWorker.run(SuiteRunnerWorker.java:86)
	at org.testng.TestNG.runSuitesSequentially(TestNG.java:1198)
	at org.testng.TestNG.runSuitesLocally(TestNG.java:1123)
	at org.testng.TestNG.run(TestNG.java:1031)
	at org.apache.maven.surefire.testng.TestNGExecutor.run(TestNGExecutor.java:122)
	at org.apache.maven.surefire.testng.TestNGXmlTestSuite.execute(TestNGXmlTestSuite.java:88)
	at org.apache.maven.surefire.testng.TestNGProvider.invoke(TestNGProvider.java:104)
	at sun.reflect.NativeMethodAccessorImpl.invoke0(Native Method)
	at sun.reflect.NativeMethodAccessorImpl.invoke(NativeMethodAccessorImpl.java:57)
	at sun.reflect.DelegatingMethodAccessorImpl.invoke(DelegatingMethodAccessorImpl.java:43)
	at java.lang.reflect.Method.invoke(Method.java:601)
	at org.apache.maven.surefire.booter.ProviderFactory$ClassLoaderProxy.invoke(ProviderFactory.java:103)
	at $Proxy0.invoke(Unknown Source)
	at org.apache.maven.surefire.booter.SurefireStarter.invokeProvider(SurefireStarter.java:150)
	at org.apache.maven.surefire.booter.SurefireStarter.runSuitesInProcess(SurefireStarter.java:91)
	at org.apache.maven.surefire.booter.ForkedBooter.main(ForkedBooter.java:69)
]]>
    </failure>
  </testcase> <!-- orderToAdressChangeNameTest_C25672 -->
  <testcase name="orderToAdressChangePhoneTest_C25677" time="14.831" classname="com.YouMagicPro.LKA_tests.OrderToAdressChangePhoneTest">
    <failure type="org.openqa.selenium.WebDriverException" message="Element is not clickable at point (84.5, 642) (WARNING: The server did not provide any stacktrace information)
Command duration or timeout: 43 milliseconds
Build info: version: &amp;apos;2.26.0&amp;apos;, revision: &amp;apos;18040&amp;apos;, time: &amp;apos;2012-11-02 09:44:45&amp;apos;
System info: os.name: &amp;apos;Windows 7&amp;apos;, os.arch: &amp;apos;amd64&amp;apos;, os.version: &amp;apos;6.1&amp;apos;, java.version: &amp;apos;1.7.0_05&amp;apos;
Driver info: driver.version: RemoteWebDriver
Session ID: 7de5c21014e03f656a0bb36707040247">
      <![CDATA[org.openqa.selenium.WebDriverException: Element is not clickable at point (84.5, 642) (WARNING: The server did not provide any stacktrace information)
Command duration or timeout: 43 milliseconds
Build info: version: '2.26.0', revision: '18040', time: '2012-11-02 09:44:45'
System info: os.name: 'Windows 7', os.arch: 'amd64', os.version: '6.1', java.version: '1.7.0_05'
Driver info: driver.version: RemoteWebDriver
Session ID: 7de5c21014e03f656a0bb36707040247
	at sun.reflect.NativeConstructorAccessorImpl.newInstance0(Native Method)
	at sun.reflect.NativeConstructorAccessorImpl.newInstance(NativeConstructorAccessorImpl.java:57)
	at sun.reflect.DelegatingConstructorAccessorImpl.newInstance(DelegatingConstructorAccessorImpl.java:45)
	at java.lang.reflect.Constructor.newInstance(Constructor.java:525)
	at org.openqa.selenium.remote.ErrorHandler.createThrowable(ErrorHandler.java:188)
	at org.openqa.selenium.remote.ErrorHandler.throwIfResponseFailed(ErrorHandler.java:145)
	at org.openqa.selenium.remote.RemoteWebDriver.execute(RemoteWebDriver.java:531)
	at org.openqa.selenium.remote.RemoteWebElement.execute(RemoteWebElement.java:246)
	at org.openqa.selenium.remote.RemoteWebElement.click(RemoteWebElement.java:79)
	at com.YouMagicPro.LKA_tests.OrderToAdressChangePhoneTest.orderToAdressChangePhoneTest_C25677(OrderToAdressChangePhoneTest.java:13)
	at sun.reflect.NativeMethodAccessorImpl.invoke0(Native Method)
	at sun.reflect.NativeMethodAccessorImpl.invoke(NativeMethodAccessorImpl.java:57)
	at sun.reflect.DelegatingMethodAccessorImpl.invoke(DelegatingMethodAccessorImpl.java:43)
	at java.lang.reflect.Method.invoke(Method.java:601)
	at org.testng.internal.MethodInvocationHelper.invokeMethod(MethodInvocationHelper.java:80)
	at org.testng.internal.Invoker.invokeMethod(Invoker.java:714)
	at org.testng.internal.Invoker.invokeTestMethod(Invoker.java:901)
	at org.testng.internal.Invoker.invokeTestMethods(Invoker.java:1231)
	at org.testng.internal.TestMethodWorker.invokeTestMethods(TestMethodWorker.java:127)
	at org.testng.internal.TestMethodWorker.run(TestMethodWorker.java:111)
	at org.testng.TestRunner.privateRun(TestRunner.java:767)
	at org.testng.TestRunner.run(TestRunner.java:617)
	at org.testng.SuiteRunner.runTest(SuiteRunner.java:334)
	at org.testng.SuiteRunner.runSequentially(SuiteRunner.java:329)
	at org.testng.SuiteRunner.privateRun(SuiteRunner.java:291)
	at org.testng.SuiteRunner.run(SuiteRunner.java:240)
	at org.testng.SuiteRunnerWorker.runSuite(SuiteRunnerWorker.java:52)
	at org.testng.SuiteRunnerWorker.run(SuiteRunnerWorker.java:86)
	at org.testng.TestNG.runSuitesSequentially(TestNG.java:1198)
	at org.testng.TestNG.runSuitesLocally(TestNG.java:1123)
	at org.testng.TestNG.run(TestNG.java:1031)
	at org.apache.maven.surefire.testng.TestNGExecutor.run(TestNGExecutor.java:122)
	at org.apache.maven.surefire.testng.TestNGXmlTestSuite.execute(TestNGXmlTestSuite.java:88)
	at org.apache.maven.surefire.testng.TestNGProvider.invoke(TestNGProvider.java:104)
	at sun.reflect.NativeMethodAccessorImpl.invoke0(Native Method)
	at sun.reflect.NativeMethodAccessorImpl.invoke(NativeMethodAccessorImpl.java:57)
	at sun.reflect.DelegatingMethodAccessorImpl.invoke(DelegatingMethodAccessorImpl.java:43)
	at java.lang.reflect.Method.invoke(Method.java:601)
	at org.apache.maven.surefire.booter.ProviderFactory$ClassLoaderProxy.invoke(ProviderFactory.java:103)
	at $Proxy0.invoke(Unknown Source)
	at org.apache.maven.surefire.booter.SurefireStarter.invokeProvider(SurefireStarter.java:150)
	at org.apache.maven.surefire.booter.SurefireStarter.runSuitesInProcess(SurefireStarter.java:91)
	at org.apache.maven.surefire.booter.ForkedBooter.main(ForkedBooter.java:69)
]]>
    </failure>
  </testcase> <!-- orderToAdressChangePhoneTest_C25677 -->
  <testcase name="OrderToAdressNoTextFieldFilledTest_C25679" time="19.103" classname="com.YouMagicPro.LKA_tests.OrderToAdressNoTextFieldFilledTest"/>
  <testcase name="SupportPhoneTest_C25679" time="12.236" classname="com.YouMagicPro.LKA_tests.SupportPhoneTest"/>
</testsuite> <!-- com.LKA_tests -->
